#
# There is insufficient memory for the Java Runtime Environment to continue.
# Native memory allocation (malloc) failed to allocate 1243216 bytes for Chunk::new
# Possible reasons:
#   The system is out of physical RAM or swap space
#   The process is running with CompressedOops enabled, and the Java Heap may be blocking the growth of the native heap
# Possible solutions:
#   Reduce memory load on the system
#   Increase physical memory or swap space
#   Check if swap backing store is full
#   Decrease Java heap size (-Xmx/-Xms)
#   Decrease number of Java threads
#   Decrease Java thread stack sizes (-Xss)
#   Set larger code cache with -XX:ReservedCodeCacheSize=
#   JVM is running with Unscaled Compressed Oops mode in which the Java heap is
#     placed in the first 4GB address space. The Java Heap base address is the
#     maximum limit for the native heap growth. Please use -XX:HeapBaseMinAddress
#     to set the Java Heap base and to place the Java Heap above 4GB virtual address.
# This output file may be truncated or incomplete.
#
#  Out of Memory Error (arena.cpp:191), pid=2896, tid=2472
#
# JRE version: OpenJDK Runtime Environment (17.0.9) (build 17.0.9+0--11185874)
# Java VM: OpenJDK 64-Bit Server VM (17.0.9+0--11185874, mixed mode, tiered, compressed oops, compressed class ptrs, g1 gc, windows-amd64)
# No core dump will be written. Minidumps are not enabled by default on client versions of Windows
#

---------------  S U M M A R Y ------------

Command Line: --add-opens=java.base/java.util=ALL-UNNAMED --add-opens=java.base/java.lang=ALL-UNNAMED --add-opens=java.base/java.lang.invoke=ALL-UNNAMED --add-opens=java.prefs/java.util.prefs=ALL-UNNAMED --add-opens=java.base/java.nio.charset=ALL-UNNAMED --add-opens=java.base/java.net=ALL-UNNAMED --add-opens=java.base/java.util.concurrent.atomic=ALL-UNNAMED -Xmx2048m -Dfile.encoding=UTF-8 -Duser.country=AE -Duser.language=en -Duser.variant -javaagent:C:\Users\avril\.gradle\wrapper\dists\gradle-8.4-bin\1w5dpkrfk8irigvoxmyhowfim\gradle-8.4\lib\agents\gradle-instrumentation-agent-8.4.jar org.gradle.launcher.daemon.bootstrap.GradleDaemon 8.4

Host: Intel(R) Core(TM) i5-10300H CPU @ 2.50GHz, 8 cores, 7G,  Windows 11 , 64 bit Build 22621 (10.0.22621.3374)
Time: Fri Apr 19 16:21:18 2024 Arabian Standard Time elapsed time: 3.737854 seconds (0d 0h 0m 3s)

---------------  T H R E A D  ---------------

Current thread (0x000001bb443b5590):  JavaThread "C2 CompilerThread1" daemon [_thread_in_native, id=2472, stack(0x0000006635400000,0x0000006635500000)]


Current CompileTask:
C2:   3737 2996   !   4       java.net.URL::<init> (543 bytes)

Stack: [0x0000006635400000,0x0000006635500000]
Native frames: (J=compiled Java code, j=interpreted, Vv=VM code, C=native code)
V  [jvm.dll+0x6886e9]
V  [jvm.dll+0x841e4a]
V  [jvm.dll+0x843a8e]
V  [jvm.dll+0x8440f3]
V  [jvm.dll+0x24c14f]
V  [jvm.dll+0xac44c]
V  [jvm.dll+0xaca9c]
V  [jvm.dll+0x36c1a2]
V  [jvm.dll+0x33651a]
V  [jvm.dll+0x3359ba]
V  [jvm.dll+0x21ddb1]
V  [jvm.dll+0x21d1d1]
V  [jvm.dll+0x1a674d]
V  [jvm.dll+0x22d088]
V  [jvm.dll+0x22b1c0]
V  [jvm.dll+0x7f62f7]
V  [jvm.dll+0x7f06aa]
V  [jvm.dll+0x687565]
C  [ucrtbase.dll+0x29333]
C  [KERNEL32.DLL+0x1257d]
C  [ntdll.dll+0x5aa48]


---------------  P R O C E S S  ---------------

Threads class SMR info:
_java_thread_list=0x000001bb47596bc0, length=40, elements={
0x000001bb25caa670, 0x000001bb3fb206f0, 0x000001bb3fb21570, 0x000001bb440432a0,
0x000001bb44044d80, 0x000001bb44045940, 0x000001bb44048310, 0x000001bb44049000,
0x000001bb44054f10, 0x000001bb44057920, 0x000001bb44172ae0, 0x000001bb4426d7d0,
0x000001bb443b5590, 0x000001bb46b94770, 0x000001bb46841aa0, 0x000001bb45895890,
0x000001bb46464a70, 0x000001bb45da20e0, 0x000001bb46b740c0, 0x000001bb46b73bb0,
0x000001bb46b736a0, 0x000001bb46b745d0, 0x000001bb46b72c80, 0x000001bb46b73190,
0x000001bb45cb0850, 0x000001bb45caf920, 0x000001bb45cb26b0, 0x000001bb45cad0a0,
0x000001bb45cae9f0, 0x000001bb45cadfd0, 0x000001bb45cb0d60, 0x000001bb45cb30d0,
0x000001bb45caf410, 0x000001bb45cb35e0, 0x000001bb45cb4a20, 0x000001bb45cafe30,
0x000001bb45caef00, 0x000001bb45cb2bc0, 0x000001bb45cad5b0, 0x000001bb45cadac0
}

Java Threads: ( => current thread )
  0x000001bb25caa670 JavaThread "main" [_thread_blocked, id=25868, stack(0x0000006634100000,0x0000006634200000)]
  0x000001bb3fb206f0 JavaThread "Reference Handler" daemon [_thread_blocked, id=21068, stack(0x0000006634800000,0x0000006634900000)]
  0x000001bb3fb21570 JavaThread "Finalizer" daemon [_thread_blocked, id=22448, stack(0x0000006634900000,0x0000006634a00000)]
  0x000001bb440432a0 JavaThread "Signal Dispatcher" daemon [_thread_blocked, id=4160, stack(0x0000006634a00000,0x0000006634b00000)]
  0x000001bb44044d80 JavaThread "Attach Listener" daemon [_thread_blocked, id=20128, stack(0x0000006634b00000,0x0000006634c00000)]
  0x000001bb44045940 JavaThread "Service Thread" daemon [_thread_blocked, id=20784, stack(0x0000006634c00000,0x0000006634d00000)]
  0x000001bb44048310 JavaThread "Monitor Deflation Thread" daemon [_thread_blocked, id=14364, stack(0x0000006634d00000,0x0000006634e00000)]
  0x000001bb44049000 JavaThread "C2 CompilerThread0" daemon [_thread_blocked, id=9348, stack(0x0000006634e00000,0x0000006634f00000)]
  0x000001bb44054f10 JavaThread "C1 CompilerThread0" daemon [_thread_blocked, id=19092, stack(0x0000006634f00000,0x0000006635000000)]
  0x000001bb44057920 JavaThread "Sweeper thread" daemon [_thread_blocked, id=22596, stack(0x0000006635000000,0x0000006635100000)]
  0x000001bb44172ae0 JavaThread "Common-Cleaner" daemon [_thread_blocked, id=2392, stack(0x0000006635100000,0x0000006635200000)]
  0x000001bb4426d7d0 JavaThread "Notification Thread" daemon [_thread_blocked, id=25072, stack(0x0000006635200000,0x0000006635300000)]
=>0x000001bb443b5590 JavaThread "C2 CompilerThread1" daemon [_thread_in_native, id=2472, stack(0x0000006635400000,0x0000006635500000)]
  0x000001bb46b94770 JavaThread "Daemon health stats" [_thread_blocked, id=26016, stack(0x0000006635900000,0x0000006635a00000)]
  0x000001bb46841aa0 JavaThread "Incoming local TCP Connector on port 61974" [_thread_in_native, id=7364, stack(0x0000006635a00000,0x0000006635b00000)]
  0x000001bb45895890 JavaThread "Daemon periodic checks" [_thread_blocked, id=5976, stack(0x0000006635b00000,0x0000006635c00000)]
  0x000001bb46464a70 JavaThread "Daemon" [_thread_blocked, id=27916, stack(0x0000006635c00000,0x0000006635d00000)]
  0x000001bb45da20e0 JavaThread "Handler for socket connection from /127.0.0.1:61974 to /127.0.0.1:61975" [_thread_in_native, id=4292, stack(0x0000006635d00000,0x0000006635e00000)]
  0x000001bb46b740c0 JavaThread "Cancel handler" [_thread_blocked, id=28408, stack(0x0000006635e00000,0x0000006635f00000)]
  0x000001bb46b73bb0 JavaThread "Daemon worker" [_thread_in_native, id=3760, stack(0x0000006635f00000,0x0000006636000000)]
  0x000001bb46b736a0 JavaThread "Asynchronous log dispatcher for DefaultDaemonConnection: socket connection from /127.0.0.1:61974 to /127.0.0.1:61975" [_thread_blocked, id=16332, stack(0x0000006636000000,0x0000006636100000)]
  0x000001bb46b745d0 JavaThread "Stdin handler" [_thread_blocked, id=320, stack(0x0000006636100000,0x0000006636200000)]
  0x000001bb46b72c80 JavaThread "Daemon client event forwarder" [_thread_blocked, id=17636, stack(0x0000006636200000,0x0000006636300000)]
  0x000001bb46b73190 JavaThread "Cache worker for journal cache (C:\Users\avril\.gradle\caches\journal-1)" [_thread_blocked, id=26380, stack(0x0000006636700000,0x0000006636800000)]
  0x000001bb45cb0850 JavaThread "File lock request listener" [_thread_in_native, id=23504, stack(0x0000006636800000,0x0000006636900000)]
  0x000001bb45caf920 JavaThread "Cache worker for file hash cache (C:\Users\avril\.gradle\caches\8.4\fileHashes)" [_thread_blocked, id=24076, stack(0x0000006636900000,0x0000006636a00000)]
  0x000001bb45cb26b0 JavaThread "File watcher server" daemon [_thread_in_native, id=25820, stack(0x0000006636a00000,0x0000006636b00000)]
  0x000001bb45cad0a0 JavaThread "File watcher consumer" daemon [_thread_blocked, id=25572, stack(0x0000006636b00000,0x0000006636c00000)]
  0x000001bb45cae9f0 JavaThread "jar transforms" [_thread_blocked, id=18416, stack(0x0000006636c00000,0x0000006636d00000)]
  0x000001bb45cadfd0 JavaThread "jar transforms Thread 2" [_thread_blocked, id=12924, stack(0x0000006636d00000,0x0000006636e00000)]
  0x000001bb45cb0d60 JavaThread "jar transforms Thread 3" [_thread_blocked, id=21136, stack(0x0000006636e00000,0x0000006636f00000)]
  0x000001bb45cb30d0 JavaThread "jar transforms Thread 4" [_thread_blocked, id=25300, stack(0x0000006636f00000,0x0000006637000000)]
  0x000001bb45caf410 JavaThread "jar transforms Thread 5" [_thread_blocked, id=27416, stack(0x0000006637000000,0x0000006637100000)]
  0x000001bb45cb35e0 JavaThread "jar transforms Thread 6" [_thread_blocked, id=26720, stack(0x0000006637100000,0x0000006637200000)]
  0x000001bb45cb4a20 JavaThread "jar transforms Thread 7" [_thread_blocked, id=9584, stack(0x0000006637200000,0x0000006637300000)]
  0x000001bb45cafe30 JavaThread "jar transforms Thread 8" [_thread_blocked, id=14268, stack(0x0000006637300000,0x0000006637400000)]
  0x000001bb45caef00 JavaThread "Cache worker for checksums cache (C:\Users\avril\AndroidStudioProjects\LoveCalculator\.gradle\8.4\checksums)" [_thread_blocked, id=27280, stack(0x0000006637400000,0x0000006637500000)]
  0x000001bb45cb2bc0 JavaThread "Cache worker for file hash cache (C:\Users\avril\AndroidStudioProjects\LoveCalculator\.gradle\8.4\fileHashes)" [_thread_blocked, id=10956, stack(0x0000006637500000,0x0000006637600000)]
  0x000001bb45cad5b0 JavaThread "Cache worker for cache directory md-supplier (C:\Users\avril\.gradle\caches\8.4\md-supplier)" [_thread_blocked, id=18828, stack(0x0000006637600000,0x0000006637700000)]
  0x000001bb45cadac0 JavaThread "Cache worker for file content cache (C:\Users\avril\.gradle\caches\8.4\fileContent)" [_thread_blocked, id=23772, stack(0x0000006637700000,0x0000006637800000)]

Other Threads:
  0x000001bb3fb1e040 VMThread "VM Thread" [stack: 0x0000006634700000,0x0000006634800000] [id=25168]
  0x000001bb4426dcb0 WatcherThread [stack: 0x0000006635300000,0x0000006635400000] [id=25712]
  0x000001bb25d08440 GCTaskThread "GC Thread#0" [stack: 0x0000006634200000,0x0000006634300000] [id=17668]
  0x000001bb44e6a310 GCTaskThread "GC Thread#1" [stack: 0x0000006635500000,0x0000006635600000] [id=23720]
  0x000001bb44e6a5d0 GCTaskThread "GC Thread#2" [stack: 0x0000006635600000,0x0000006635700000] [id=10892]
  0x000001bb44f09e80 GCTaskThread "GC Thread#3" [stack: 0x0000006635700000,0x0000006635800000] [id=24084]
  0x000001bb45178240 GCTaskThread "GC Thread#4" [stack: 0x0000006635800000,0x0000006635900000] [id=12728]
  0x000001bb44cab0d0 GCTaskThread "GC Thread#5" [stack: 0x0000006636300000,0x0000006636400000] [id=24608]
  0x000001bb45119f80 GCTaskThread "GC Thread#6" [stack: 0x0000006636400000,0x0000006636500000] [id=12624]
  0x000001bb45a13850 GCTaskThread "GC Thread#7" [stack: 0x0000006636500000,0x0000006636600000] [id=5460]
  0x000001bb25d19390 ConcurrentGCThread "G1 Main Marker" [stack: 0x0000006634300000,0x0000006634400000] [id=24192]
  0x000001bb25d1a550 ConcurrentGCThread "G1 Conc#0" [stack: 0x0000006634400000,0x0000006634500000] [id=11644]
  0x000001bb4547a880 ConcurrentGCThread "G1 Conc#1" [stack: 0x0000006636600000,0x0000006636700000] [id=26944]
  0x000001bb25d5d070 ConcurrentGCThread "G1 Refine#0" [stack: 0x0000006634500000,0x0000006634600000] [id=13700]
  0x000001bb25d5daa0 ConcurrentGCThread "G1 Service" [stack: 0x0000006634600000,0x0000006634700000] [id=13920]

Threads with active compile tasks:
C2 CompilerThread1     3778 2996   !   4       java.net.URL::<init> (543 bytes)

VM state: not at safepoint (normal execution)

VM Mutex/Monitor currently owned by a thread: None

Heap address: 0x0000000080000000, size: 2048 MB, Compressed Oops mode: 32-bit

CDS archive(s) not mapped
Compressed class space mapped at: 0x0000000100000000-0x0000000140000000, reserved size: 1073741824
Narrow klass base: 0x0000000000000000, Narrow klass shift: 3, Narrow klass range: 0x140000000

GC Precious Log:
 CPUs: 8 total, 8 available
 Memory: 8029M
 Large Page Support: Disabled
 NUMA Support: Disabled
 Compressed Oops: Enabled (32-bit)
 Heap Region Size: 1M
 Heap Min Capacity: 8M
 Heap Initial Capacity: 126M
 Heap Max Capacity: 2G
 Pre-touch: Disabled
 Parallel Workers: 8
 Concurrent Workers: 2
 Concurrent Refinement Workers: 8
 Periodic GC: Disabled

Heap:
 garbage-first heap   total 71680K, used 46338K [0x0000000080000000, 0x0000000100000000)
  region size 1024K, 11 young (11264K), 3 survivors (3072K)
 Metaspace       used 34503K, committed 34880K, reserved 1114112K
  class space    used 4731K, committed 4928K, reserved 1048576K

Heap Regions: E=young(eden), S=young(survivor), O=old, HS=humongous(starts), HC=humongous(continues), CS=collection set, F=free, OA=open archive, CA=closed archive, TAMS=top-at-mark-start (previous, next)
|   0|0x0000000080000000, 0x0000000080100000, 0x0000000080100000|100%|HS|  |TAMS 0x0000000080100000, 0x0000000080100000| Complete 
|   1|0x0000000080100000, 0x0000000080200000, 0x0000000080200000|100%|HC|  |TAMS 0x0000000080200000, 0x0000000080200000| Complete 
|   2|0x0000000080200000, 0x0000000080300000, 0x0000000080300000|100%|HC|  |TAMS 0x0000000080300000, 0x0000000080300000| Complete 
|   3|0x0000000080300000, 0x0000000080400000, 0x0000000080400000|100%|HC|  |TAMS 0x0000000080400000, 0x0000000080400000| Complete 
|   4|0x0000000080400000, 0x0000000080500000, 0x0000000080500000|100%| O|  |TAMS 0x0000000080500000, 0x0000000080500000| Untracked 
|   5|0x0000000080500000, 0x0000000080600000, 0x0000000080600000|100%| O|  |TAMS 0x0000000080600000, 0x0000000080600000| Untracked 
|   6|0x0000000080600000, 0x0000000080700000, 0x0000000080700000|100%| O|  |TAMS 0x0000000080700000, 0x0000000080700000| Untracked 
|   7|0x0000000080700000, 0x0000000080800000, 0x0000000080800000|100%| O|  |TAMS 0x0000000080800000, 0x0000000080800000| Untracked 
|   8|0x0000000080800000, 0x0000000080900000, 0x0000000080900000|100%| O|  |TAMS 0x0000000080900000, 0x0000000080900000| Untracked 
|   9|0x0000000080900000, 0x0000000080a00000, 0x0000000080a00000|100%| O|  |TAMS 0x0000000080a00000, 0x0000000080a00000| Untracked 
|  10|0x0000000080a00000, 0x0000000080b00000, 0x0000000080b00000|100%| O|  |TAMS 0x0000000080a00000, 0x0000000080a00000| Untracked 
|  11|0x0000000080b00000, 0x0000000080c00000, 0x0000000080c00000|100%| O|  |TAMS 0x0000000080b00000, 0x0000000080c00000| Untracked 
|  12|0x0000000080c00000, 0x0000000080d00000, 0x0000000080d00000|100%| O|  |TAMS 0x0000000080c00000, 0x0000000080d00000| Untracked 
|  13|0x0000000080d00000, 0x0000000080e00000, 0x0000000080e00000|100%| O|  |TAMS 0x0000000080d00000, 0x0000000080e00000| Untracked 
|  14|0x0000000080e00000, 0x0000000080f00000, 0x0000000080f00000|100%| O|  |TAMS 0x0000000080e00000, 0x0000000080f00000| Untracked 
|  15|0x0000000080f00000, 0x0000000081000000, 0x0000000081000000|100%| O|  |TAMS 0x0000000080f00000, 0x0000000081000000| Untracked 
|  16|0x0000000081000000, 0x0000000081100000, 0x0000000081100000|100%| O|  |TAMS 0x0000000081000000, 0x0000000081100000| Untracked 
|  17|0x0000000081100000, 0x0000000081200000, 0x0000000081200000|100%| O|  |TAMS 0x0000000081100000, 0x0000000081200000| Untracked 
|  18|0x0000000081200000, 0x0000000081300000, 0x0000000081300000|100%| O|  |TAMS 0x0000000081200000, 0x0000000081300000| Untracked 
|  19|0x0000000081300000, 0x0000000081400000, 0x0000000081400000|100%| O|  |TAMS 0x0000000081300000, 0x0000000081400000| Untracked 
|  20|0x0000000081400000, 0x0000000081500000, 0x0000000081500000|100%| O|  |TAMS 0x0000000081400000, 0x0000000081500000| Untracked 
|  21|0x0000000081500000, 0x0000000081600000, 0x0000000081600000|100%| O|  |TAMS 0x0000000081500000, 0x0000000081516600| Untracked 
|  22|0x0000000081600000, 0x0000000081700000, 0x0000000081700000|100%|HS|  |TAMS 0x0000000081600000, 0x0000000081700000| Complete 
|  23|0x0000000081700000, 0x0000000081800000, 0x0000000081800000|100%|HC|  |TAMS 0x0000000081700000, 0x0000000081800000| Complete 
|  24|0x0000000081800000, 0x0000000081900000, 0x0000000081900000|100%|HS|  |TAMS 0x0000000081800000, 0x0000000081900000| Complete 
|  25|0x0000000081900000, 0x0000000081a00000, 0x0000000081a00000|100%|HC|  |TAMS 0x0000000081900000, 0x0000000081a00000| Complete 
|  26|0x0000000081a00000, 0x0000000081b00000, 0x0000000081b00000|100%|HC|  |TAMS 0x0000000081a00000, 0x0000000081b00000| Complete 
|  27|0x0000000081b00000, 0x0000000081c00000, 0x0000000081c00000|100%|HS|  |TAMS 0x0000000081b00000, 0x0000000081c00000| Complete 
|  28|0x0000000081c00000, 0x0000000081d00000, 0x0000000081d00000|100%|HC|  |TAMS 0x0000000081c00000, 0x0000000081d00000| Complete 
|  29|0x0000000081d00000, 0x0000000081e00000, 0x0000000081e00000|100%|HC|  |TAMS 0x0000000081d00000, 0x0000000081e00000| Complete 
|  30|0x0000000081e00000, 0x0000000081f00000, 0x0000000081f00000|100%|HS|  |TAMS 0x0000000081e00000, 0x0000000081e00000| Complete 
|  31|0x0000000081f00000, 0x0000000082000000, 0x0000000082000000|100%|HC|  |TAMS 0x0000000081f00000, 0x0000000081f00000| Complete 
|  32|0x0000000082000000, 0x0000000082100000, 0x0000000082100000|100%|HC|  |TAMS 0x0000000082000000, 0x0000000082000000| Complete 
|  33|0x0000000082100000, 0x0000000082200000, 0x0000000082200000|100%| O|  |TAMS 0x0000000082100000, 0x0000000082100000| Untracked 
|  34|0x0000000082200000, 0x0000000082300000, 0x0000000082300000|100%| O|  |TAMS 0x0000000082200000, 0x0000000082200000| Untracked 
|  35|0x0000000082300000, 0x0000000082400000, 0x0000000082400000|100%| O|  |TAMS 0x0000000082300000, 0x0000000082300000| Untracked 
|  36|0x0000000082400000, 0x000000008242c800, 0x0000000082500000| 17%| O|  |TAMS 0x0000000082400000, 0x0000000082400000| Untracked 
|  37|0x0000000082500000, 0x0000000082500000, 0x0000000082600000|  0%| F|  |TAMS 0x0000000082500000, 0x0000000082500000| Untracked 
|  38|0x0000000082600000, 0x0000000082600000, 0x0000000082700000|  0%| F|  |TAMS 0x0000000082600000, 0x0000000082600000| Untracked 
|  39|0x0000000082700000, 0x0000000082700000, 0x0000000082800000|  0%| F|  |TAMS 0x0000000082700000, 0x0000000082700000| Untracked 
|  40|0x0000000082800000, 0x0000000082800000, 0x0000000082900000|  0%| F|  |TAMS 0x0000000082800000, 0x0000000082800000| Untracked 
|  41|0x0000000082900000, 0x0000000082900000, 0x0000000082a00000|  0%| F|  |TAMS 0x0000000082900000, 0x0000000082900000| Untracked 
|  42|0x0000000082a00000, 0x0000000082a00000, 0x0000000082b00000|  0%| F|  |TAMS 0x0000000082a00000, 0x0000000082a00000| Untracked 
|  43|0x0000000082b00000, 0x0000000082b14300, 0x0000000082c00000|  7%| S|CS|TAMS 0x0000000082b00000, 0x0000000082b00000| Complete 
|  44|0x0000000082c00000, 0x0000000082d00000, 0x0000000082d00000|100%| S|CS|TAMS 0x0000000082c00000, 0x0000000082c00000| Complete 
|  45|0x0000000082d00000, 0x0000000082e00000, 0x0000000082e00000|100%| S|CS|TAMS 0x0000000082d00000, 0x0000000082d00000| Complete 
|  46|0x0000000082e00000, 0x0000000082e00000, 0x0000000082f00000|  0%| F|  |TAMS 0x0000000082e00000, 0x0000000082e00000| Untracked 
|  47|0x0000000082f00000, 0x0000000082f00000, 0x0000000083000000|  0%| F|  |TAMS 0x0000000082f00000, 0x0000000082f00000| Untracked 
|  48|0x0000000083000000, 0x0000000083000000, 0x0000000083100000|  0%| F|  |TAMS 0x0000000083000000, 0x0000000083000000| Untracked 
|  49|0x0000000083100000, 0x0000000083100000, 0x0000000083200000|  0%| F|  |TAMS 0x0000000083100000, 0x0000000083100000| Untracked 
|  50|0x0000000083200000, 0x0000000083200000, 0x0000000083300000|  0%| F|  |TAMS 0x0000000083200000, 0x0000000083200000| Untracked 
|  51|0x0000000083300000, 0x0000000083300000, 0x0000000083400000|  0%| F|  |TAMS 0x0000000083300000, 0x0000000083300000| Untracked 
|  52|0x0000000083400000, 0x0000000083400000, 0x0000000083500000|  0%| F|  |TAMS 0x0000000083400000, 0x0000000083400000| Untracked 
|  53|0x0000000083500000, 0x0000000083500000, 0x0000000083600000|  0%| F|  |TAMS 0x0000000083500000, 0x0000000083500000| Untracked 
|  54|0x0000000083600000, 0x0000000083600000, 0x0000000083700000|  0%| F|  |TAMS 0x0000000083600000, 0x0000000083600000| Untracked 
|  55|0x0000000083700000, 0x0000000083700000, 0x0000000083800000|  0%| F|  |TAMS 0x0000000083700000, 0x0000000083700000| Untracked 
|  56|0x0000000083800000, 0x0000000083800000, 0x0000000083900000|  0%| F|  |TAMS 0x0000000083800000, 0x0000000083800000| Untracked 
|  57|0x0000000083900000, 0x0000000083900000, 0x0000000083a00000|  0%| F|  |TAMS 0x0000000083900000, 0x0000000083900000| Untracked 
|  58|0x0000000083a00000, 0x0000000083a00000, 0x0000000083b00000|  0%| F|  |TAMS 0x0000000083a00000, 0x0000000083a00000| Untracked 
|  59|0x0000000083b00000, 0x0000000083b00000, 0x0000000083c00000|  0%| F|  |TAMS 0x0000000083b00000, 0x0000000083b00000| Untracked 
|  70|0x0000000084600000, 0x0000000084600000, 0x0000000084700000|  0%| F|  |TAMS 0x0000000084600000, 0x0000000084600000| Untracked 
|  71|0x0000000084700000, 0x0000000084700000, 0x0000000084800000|  0%| F|  |TAMS 0x0000000084700000, 0x0000000084700000| Untracked 
|  72|0x0000000084800000, 0x000000008488dd80, 0x0000000084900000| 55%| E|  |TAMS 0x0000000084800000, 0x0000000084800000| Complete 
|  73|0x0000000084900000, 0x0000000084a00000, 0x0000000084a00000|100%| E|CS|TAMS 0x0000000084900000, 0x0000000084900000| Complete 
|  74|0x0000000084a00000, 0x0000000084b00000, 0x0000000084b00000|100%| E|CS|TAMS 0x0000000084a00000, 0x0000000084a00000| Complete 
|  75|0x0000000084b00000, 0x0000000084c00000, 0x0000000084c00000|100%| E|CS|TAMS 0x0000000084b00000, 0x0000000084b00000| Complete 
|  76|0x0000000084c00000, 0x0000000084d00000, 0x0000000084d00000|100%| E|CS|TAMS 0x0000000084c00000, 0x0000000084c00000| Complete 
|  77|0x0000000084d00000, 0x0000000084e00000, 0x0000000084e00000|100%| E|CS|TAMS 0x0000000084d00000, 0x0000000084d00000| Complete 
|  78|0x0000000084e00000, 0x0000000084f00000, 0x0000000084f00000|100%| E|CS|TAMS 0x0000000084e00000, 0x0000000084e00000| Complete 
| 125|0x0000000087d00000, 0x0000000087e00000, 0x0000000087e00000|100%| E|CS|TAMS 0x0000000087d00000, 0x0000000087d00000| Complete 

Card table byte_map: [0x000001bb388b0000,0x000001bb38cb0000] _byte_map_base: 0x000001bb384b0000

Marking Bits (Prev, Next): (CMBitMap*) 0x000001bb25d08aa0, (CMBitMap*) 0x000001bb25d08a60
 Prev Bits: [0x000001bb3b0b0000, 0x000001bb3d0b0000)
 Next Bits: [0x000001bb390b0000, 0x000001bb3b0b0000)

Polling page: 0x000001bb23a10000

Metaspace:

Usage:
  Non-class:     29.09 MB used.
      Class:      4.62 MB used.
       Both:     33.72 MB used.

Virtual space:
  Non-class space:       64.00 MB reserved,      29.25 MB ( 46%) committed,  1 nodes.
      Class space:        1.00 GB reserved,       4.81 MB ( <1%) committed,  1 nodes.
             Both:        1.06 GB reserved,      34.06 MB (  3%) committed. 

Chunk freelists:
   Non-Class:  2.14 MB
       Class:  11.23 MB
        Both:  13.38 MB

MaxMetaspaceSize: unlimited
CompressedClassSpaceSize: 1.00 GB
Initial GC threshold: 21.00 MB
Current GC threshold: 35.12 MB
CDS: off
MetaspaceReclaimPolicy: balanced
 - commit_granule_bytes: 65536.
 - commit_granule_words: 8192.
 - virtual_space_node_default_size: 8388608.
 - enlarge_chunks_in_place: 1.
 - new_chunks_are_fully_committed: 0.
 - uncommit_free_chunks: 1.
 - use_allocation_guard: 0.
 - handle_deallocations: 1.


Internal statistics:

num_allocs_failed_limit: 3.
num_arena_births: 354.
num_arena_deaths: 0.
num_vsnodes_births: 2.
num_vsnodes_deaths: 0.
num_space_committed: 545.
num_space_uncommitted: 0.
num_chunks_returned_to_freelist: 3.
num_chunks_taken_from_freelist: 1353.
num_chunk_merges: 3.
num_chunk_splits: 859.
num_chunks_enlarged: 577.
num_inconsistent_stats: 0.

CodeHeap 'non-profiled nmethods': size=120000Kb used=1777Kb max_used=1777Kb free=118222Kb
 bounds [0x000001bb30c50000, 0x000001bb30ec0000, 0x000001bb38180000]
CodeHeap 'profiled nmethods': size=120000Kb used=6432Kb max_used=6432Kb free=113568Kb
 bounds [0x000001bb29180000, 0x000001bb297d0000, 0x000001bb306b0000]
CodeHeap 'non-nmethods': size=5760Kb used=1241Kb max_used=1319Kb free=4518Kb
 bounds [0x000001bb306b0000, 0x000001bb30920000, 0x000001bb30c50000]
 total_blobs=3633 nmethods=3083 adapters=462
 compilation: enabled
              stopped_count=0, restarted_count=0
 full_count=0

Compilation events (20 events):
Event: 3.691 Thread 0x000001bb44054f10 3019       3       sun.reflect.annotation.AnnotationParser$1::run (40 bytes)
Event: 3.692 Thread 0x000001bb44054f10 nmethod 3019 0x000001bb297a5d90 code [0x000001bb297a6000, 0x000001bb297a6df8]
Event: 3.723 Thread 0x000001bb44054f10 3023       3       org.gradle.internal.reflect.MutableClassDetails::instanceMethod (9 bytes)
Event: 3.723 Thread 0x000001bb44054f10 nmethod 3023 0x000001bb297a7210 code [0x000001bb297a73c0, 0x000001bb297a7528]
Event: 3.723 Thread 0x000001bb44054f10 3024       3       org.gradle.internal.reflect.MethodSet$MethodKey::equals (89 bytes)
Event: 3.724 Thread 0x000001bb44054f10 nmethod 3024 0x000001bb297a7610 code [0x000001bb297a7820, 0x000001bb297a80f8]
Event: 3.725 Thread 0x000001bb44054f10 3025       3       java.lang.reflect.Method::isBridge (16 bytes)
Event: 3.725 Thread 0x000001bb44054f10 nmethod 3025 0x000001bb297a8390 code [0x000001bb297a8520, 0x000001bb297a8698]
Event: 3.726 Thread 0x000001bb44054f10 3026       3       org.gradle.internal.reflect.MethodSet::shouldReplace (45 bytes)
Event: 3.726 Thread 0x000001bb44049000 nmethod 3013 0x000001bb30e03710 code [0x000001bb30e039a0, 0x000001bb30e05ff0]
Event: 3.726 Thread 0x000001bb44049000 3014       4       java.lang.reflect.Modifier::isStatic (13 bytes)
Event: 3.727 Thread 0x000001bb44054f10 nmethod 3026 0x000001bb297a8710 code [0x000001bb297a88e0, 0x000001bb297a8e38]
Event: 3.727 Thread 0x000001bb44054f10 3027       3       java.util.Collections::unmodifiableCollection (20 bytes)
Event: 3.727 Thread 0x000001bb44049000 nmethod 3014 0x000001bb30e07210 code [0x000001bb30e07380, 0x000001bb30e073d8]
Event: 3.727 Thread 0x000001bb44054f10 nmethod 3027 0x000001bb297a9010 code [0x000001bb297a91e0, 0x000001bb297a95c8]
Event: 3.727 Thread 0x000001bb44054f10 3028       3       org.gradle.internal.reflect.MethodSet::getValues (13 bytes)
Event: 3.727 Thread 0x000001bb44054f10 nmethod 3028 0x000001bb297a9710 code [0x000001bb297a9900, 0x000001bb297a9e18]
Event: 3.727 Thread 0x000001bb44054f10 3029       3       java.util.TreeMap$PrivateEntryIterator::nextEntry (54 bytes)
Event: 3.728 Thread 0x000001bb44054f10 nmethod 3029 0x000001bb297aa010 code [0x000001bb297aa1e0, 0x000001bb297aa608]
Event: 3.728 Thread 0x000001bb44049000 3030   !   4       java.util.zip.ZipFile$ZipFileInflaterInputStream::close (67 bytes)

GC Heap History (16 events):
Event: 0.737 GC heap before
{Heap before GC invocations=0 (full 0):
 garbage-first heap   total 129024K, used 26624K [0x0000000080000000, 0x0000000100000000)
  region size 1024K, 23 young (23552K), 0 survivors (0K)
 Metaspace       used 10525K, committed 10624K, reserved 1114112K
  class space    used 1094K, committed 1152K, reserved 1048576K
}
Event: 0.742 GC heap after
{Heap after GC invocations=1 (full 0):
 garbage-first heap   total 129024K, used 10372K [0x0000000080000000, 0x0000000100000000)
  region size 1024K, 3 young (3072K), 3 survivors (3072K)
 Metaspace       used 10525K, committed 10624K, reserved 1114112K
  class space    used 1094K, committed 1152K, reserved 1048576K
}
Event: 1.173 GC heap before
{Heap before GC invocations=1 (full 0):
 garbage-first heap   total 129024K, used 39044K [0x0000000080000000, 0x0000000100000000)
  region size 1024K, 31 young (31744K), 3 survivors (3072K)
 Metaspace       used 11487K, committed 11648K, reserved 1114112K
  class space    used 1200K, committed 1280K, reserved 1048576K
}
Event: 1.176 GC heap after
{Heap after GC invocations=2 (full 0):
 garbage-first heap   total 129024K, used 12885K [0x0000000080000000, 0x0000000100000000)
  region size 1024K, 3 young (3072K), 3 survivors (3072K)
 Metaspace       used 11487K, committed 11648K, reserved 1114112K
  class space    used 1200K, committed 1280K, reserved 1048576K
}
Event: 2.044 GC heap before
{Heap before GC invocations=2 (full 0):
 garbage-first heap   total 129024K, used 57941K [0x0000000080000000, 0x0000000100000000)
  region size 1024K, 47 young (48128K), 3 survivors (3072K)
 Metaspace       used 21289K, committed 21504K, reserved 1114112K
  class space    used 2523K, committed 2624K, reserved 1048576K
}
Event: 2.050 GC heap after
{Heap after GC invocations=3 (full 0):
 garbage-first heap   total 129024K, used 18862K [0x0000000080000000, 0x0000000100000000)
  region size 1024K, 9 young (9216K), 9 survivors (9216K)
 Metaspace       used 21289K, committed 21504K, reserved 1114112K
  class space    used 2523K, committed 2624K, reserved 1048576K
}
Event: 2.530 GC heap before
{Heap before GC invocations=4 (full 0):
 garbage-first heap   total 71680K, used 51630K [0x0000000080000000, 0x0000000100000000)
  region size 1024K, 42 young (43008K), 9 survivors (9216K)
 Metaspace       used 26572K, committed 26944K, reserved 1114112K
  class space    used 3424K, committed 3584K, reserved 1048576K
}
Event: 2.535 GC heap after
{Heap after GC invocations=5 (full 0):
 garbage-first heap   total 71680K, used 20509K [0x0000000080000000, 0x0000000100000000)
  region size 1024K, 2 young (2048K), 2 survivors (2048K)
 Metaspace       used 26572K, committed 26944K, reserved 1114112K
  class space    used 3424K, committed 3584K, reserved 1048576K
}
Event: 2.547 GC heap before
{Heap before GC invocations=5 (full 0):
 garbage-first heap   total 71680K, used 21533K [0x0000000080000000, 0x0000000100000000)
  region size 1024K, 3 young (3072K), 2 survivors (2048K)
 Metaspace       used 26755K, committed 27072K, reserved 1114112K
  class space    used 3448K, committed 3584K, reserved 1048576K
}
Event: 2.549 GC heap after
{Heap after GC invocations=6 (full 0):
 garbage-first heap   total 71680K, used 21021K [0x0000000080000000, 0x0000000100000000)
  region size 1024K, 1 young (1024K), 1 survivors (1024K)
 Metaspace       used 26755K, committed 27072K, reserved 1114112K
  class space    used 3448K, committed 3584K, reserved 1048576K
}
Event: 2.952 GC heap before
{Heap before GC invocations=6 (full 0):
 garbage-first heap   total 71680K, used 49693K [0x0000000080000000, 0x0000000100000000)
  region size 1024K, 29 young (29696K), 1 survivors (1024K)
 Metaspace       used 30760K, committed 31104K, reserved 1114112K
  class space    used 4129K, committed 4288K, reserved 1048576K
}
Event: 2.954 GC heap after
{Heap after GC invocations=7 (full 0):
 garbage-first heap   total 71680K, used 22412K [0x0000000080000000, 0x0000000100000000)
  region size 1024K, 2 young (2048K), 2 survivors (2048K)
 Metaspace       used 30760K, committed 31104K, reserved 1114112K
  class space    used 4129K, committed 4288K, reserved 1048576K
}
Event: 3.080 GC heap before
{Heap before GC invocations=7 (full 0):
 garbage-first heap   total 71680K, used 35724K [0x0000000080000000, 0x0000000100000000)
  region size 1024K, 9 young (9216K), 2 survivors (2048K)
 Metaspace       used 31161K, committed 31488K, reserved 1114112K
  class space    used 4203K, committed 4352K, reserved 1048576K
}
Event: 3.083 GC heap after
{Heap after GC invocations=8 (full 0):
 garbage-first heap   total 71680K, used 33238K [0x0000000080000000, 0x0000000100000000)
  region size 1024K, 4 young (4096K), 4 survivors (4096K)
 Metaspace       used 31161K, committed 31488K, reserved 1114112K
  class space    used 4203K, committed 4352K, reserved 1048576K
}
Event: 3.598 GC heap before
{Heap before GC invocations=8 (full 0):
 garbage-first heap   total 71680K, used 55766K [0x0000000080000000, 0x0000000100000000)
  region size 1024K, 24 young (24576K), 4 survivors (4096K)
 Metaspace       used 33487K, committed 33856K, reserved 1114112K
  class space    used 4572K, committed 4736K, reserved 1048576K
}
Event: 3.602 GC heap after
{Heap after GC invocations=9 (full 0):
 garbage-first heap   total 71680K, used 39170K [0x0000000080000000, 0x0000000100000000)
  region size 1024K, 3 young (3072K), 3 survivors (3072K)
 Metaspace       used 33487K, committed 33856K, reserved 1114112K
  class space    used 4572K, committed 4736K, reserved 1048576K
}

Dll operation events (3 events):
Event: 0.014 Loaded shared library C:\Program Files\Android\Android Studio\jbr\bin\java.dll
Event: 0.125 Loaded shared library C:\Program Files\Android\Android Studio\jbr\bin\zip.dll
Event: 0.414 Loaded shared library C:\Program Files\Android\Android Studio\jbr\bin\verify.dll

Deoptimization events (20 events):
Event: 3.024 Thread 0x000001bb46b73bb0 DEOPT PACKING pc=0x000001bb2924b5bd sp=0x0000006635ffae00
Event: 3.024 Thread 0x000001bb46b73bb0 DEOPT UNPACKING pc=0x000001bb30707143 sp=0x0000006635ffa288 mode 0
Event: 3.038 Thread 0x000001bb46b73bb0 Uncommon trap: trap_request=0xffffff45 fr.pc=0x000001bb30dc4508 relative=0x0000000000005f28
Event: 3.038 Thread 0x000001bb46b73bb0 Uncommon trap: reason=unstable_if action=reinterpret pc=0x000001bb30dc4508 method=java.net.URLClassLoader.getAndVerifyPackage(Ljava/lang/String;Ljava/util/jar/Manifest;Ljava/net/URL;)Ljava/lang/Package; @ 62 c2
Event: 3.038 Thread 0x000001bb46b73bb0 DEOPT PACKING pc=0x000001bb30dc4508 sp=0x0000006635ff9e60
Event: 3.038 Thread 0x000001bb46b73bb0 DEOPT UNPACKING pc=0x000001bb307069a3 sp=0x0000006635ff9d88 mode 2
Event: 3.065 Thread 0x000001bb46b73bb0 DEOPT PACKING pc=0x000001bb294c73ba sp=0x0000006635ffb060
Event: 3.065 Thread 0x000001bb46b73bb0 DEOPT UNPACKING pc=0x000001bb30707143 sp=0x0000006635ffa4d8 mode 0
Event: 3.076 Thread 0x000001bb46b73bb0 DEOPT PACKING pc=0x000001bb294c73ba sp=0x0000006635ff9e40
Event: 3.076 Thread 0x000001bb46b73bb0 DEOPT UNPACKING pc=0x000001bb30707143 sp=0x0000006635ff92b8 mode 0
Event: 3.110 Thread 0x000001bb46b73bb0 DEOPT PACKING pc=0x000001bb294c73ba sp=0x0000006635ffaae0
Event: 3.110 Thread 0x000001bb46b73bb0 DEOPT UNPACKING pc=0x000001bb30707143 sp=0x0000006635ff9f58 mode 0
Event: 3.118 Thread 0x000001bb46b73bb0 DEOPT PACKING pc=0x000001bb295ffad4 sp=0x0000006635ff8cb0
Event: 3.118 Thread 0x000001bb46b73bb0 DEOPT UNPACKING pc=0x000001bb30707143 sp=0x0000006635ff8208 mode 0
Event: 3.121 Thread 0x000001bb46b73bb0 DEOPT PACKING pc=0x000001bb293e7ae9 sp=0x0000006635ff8e00
Event: 3.121 Thread 0x000001bb46b73bb0 DEOPT UNPACKING pc=0x000001bb30707143 sp=0x0000006635ff8380 mode 0
Event: 3.264 Thread 0x000001bb46b73bb0 Uncommon trap: trap_request=0xffffff45 fr.pc=0x000001bb30ccae28 relative=0x0000000000000608
Event: 3.264 Thread 0x000001bb46b73bb0 Uncommon trap: reason=unstable_if action=reinterpret pc=0x000001bb30ccae28 method=java.util.Properties$LineReader.readLine()I @ 95 c2
Event: 3.264 Thread 0x000001bb46b73bb0 DEOPT PACKING pc=0x000001bb30ccae28 sp=0x0000006635ffa8c0
Event: 3.264 Thread 0x000001bb46b73bb0 DEOPT UNPACKING pc=0x000001bb307069a3 sp=0x0000006635ffa870 mode 2

Classes unloaded (0 events):
No events

Classes redefined (0 events):
No events

Internal exceptions (20 events):
Event: 3.160 Thread 0x000001bb46b73bb0 Exception <a 'java/lang/NoSuchMethodError'{0x0000000084c64620}: static Lorg/jetbrains/kotlin/idea/gradleTooling/PrepareKotlinIdeImportTaskModel;.<clinit>()V> (0x0000000084c64620) 
thrown [s\src\hotspot\share\prims\jni.cpp, line 1108]
Event: 3.163 Thread 0x000001bb46b73bb0 Exception <a 'java/lang/NoSuchMethodError'{0x0000000084c70d10}: static Lorg/jetbrains/plugins/gradle/model/ExternalProjectDependency;.<clinit>()V> (0x0000000084c70d10) 
thrown [s\src\hotspot\share\prims\jni.cpp, line 1108]
Event: 3.164 Thread 0x000001bb46b73bb0 Exception <a 'java/lang/NoSuchMethodError'{0x0000000084c7aa48}: static Lorg/jetbrains/plugins/gradle/model/ExternalLibraryDependency;.<clinit>()V> (0x0000000084c7aa48) 
thrown [s\src\hotspot\share\prims\jni.cpp, line 1108]
Event: 3.165 Thread 0x000001bb46b73bb0 Exception <a 'java/lang/NoSuchMethodError'{0x0000000084c840f0}: static Lorg/jetbrains/plugins/gradle/model/FileCollectionDependency;.<clinit>()V> (0x0000000084c840f0) 
thrown [s\src\hotspot\share\prims\jni.cpp, line 1108]
Event: 3.166 Thread 0x000001bb46b73bb0 Exception <a 'java/lang/NoSuchMethodError'{0x0000000084c8d4b0}: static Lorg/jetbrains/plugins/gradle/model/UnresolvedExternalDependency;.<clinit>()V> (0x0000000084c8d4b0) 
thrown [s\src\hotspot\share\prims\jni.cpp, line 1108]
Event: 3.175 Thread 0x000001bb46b73bb0 Exception <a 'java/lang/NoSuchMethodError'{0x0000000084b21cc0}: static Lorg/gradle/tooling/internal/consumer/versioning/VersionDetails;.<clinit>()V> (0x0000000084b21cc0) 
thrown [s\src\hotspot\share\prims\jni.cpp, line 1108]
Event: 3.175 Thread 0x000001bb46b73bb0 Exception <a 'java/lang/NoSuchMethodError'{0x0000000084b24668}: static Lorg/gradle/tooling/internal/consumer/versioning/VersionDetails$R26VersionDetails;.<clinit>()V> (0x0000000084b24668) 
thrown [s\src\hotspot\share\prims\jni.cpp, line 1108]
Event: 3.175 Thread 0x000001bb46b73bb0 Exception <a 'java/lang/NoSuchMethodError'{0x0000000084b25be0}: static Lorg/gradle/tooling/internal/consumer/versioning/VersionDetails$R28VersionDetails;.<clinit>()V> (0x0000000084b25be0) 
thrown [s\src\hotspot\share\prims\jni.cpp, line 1108]
Event: 3.175 Thread 0x000001bb46b73bb0 Exception <a 'java/lang/NoSuchMethodError'{0x0000000084b270e8}: static Lorg/gradle/tooling/internal/consumer/versioning/VersionDetails$R35VersionDetails;.<clinit>()V> (0x0000000084b270e8) 
thrown [s\src\hotspot\share\prims\jni.cpp, line 1108]
Event: 3.176 Thread 0x000001bb46b73bb0 Exception <a 'java/lang/NoSuchMethodError'{0x0000000084b287b8}: static Lorg/gradle/tooling/internal/consumer/versioning/VersionDetails$R44VersionDetails;.<clinit>()V> (0x0000000084b287b8) 
thrown [s\src\hotspot\share\prims\jni.cpp, line 1108]
Event: 3.176 Thread 0x000001bb46b73bb0 Exception <a 'java/lang/NoSuchMethodError'{0x0000000084b29dc0}: static Lorg/gradle/tooling/internal/consumer/versioning/VersionDetails$R48VersionDetails;.<clinit>()V> (0x0000000084b29dc0) 
thrown [s\src\hotspot\share\prims\jni.cpp, line 1108]
Event: 3.176 Thread 0x000001bb46b73bb0 Exception <a 'java/lang/NoSuchMethodError'{0x0000000084b2b268}: static Lorg/gradle/tooling/internal/consumer/versioning/VersionDetails$R51VersionDetails;.<clinit>()V> (0x0000000084b2b268) 
thrown [s\src\hotspot\share\prims\jni.cpp, line 1108]
Event: 3.206 Thread 0x000001bb46b73bb0 Exception <a 'java/lang/NoSuchMethodError'{0x0000000084a5e640}: 'java.lang.Object java.lang.invoke.DirectMethodHandle$Holder.newInvokeSpecial(java.lang.Object, java.lang.Object, int)'> (0x0000000084a5e640) 
thrown [s\src\hotspot\share\interpreter\linkResolver.cpp, line 771]
Event: 3.496 Thread 0x000001bb46b73bb0 Exception <a 'java/lang/NoSuchMethodError'{0x000000008306fed0}: 'java.lang.Object java.lang.invoke.DirectMethodHandle$Holder.invokeSpecialIFC(java.lang.Object, java.lang.Object, java.lang.Object, java.lang.Object)'> (0x000000008306fed0) 
thrown [s\src\hotspot\share\interpreter\linkResolver.cpp, line 771]
Event: 3.527 Thread 0x000001bb46b73bb0 Exception <a 'java/lang/NoSuchMethodError'{0x00000000830f1ce0}: 'java.lang.Object java.lang.invoke.DirectMethodHandle$Holder.newInvokeSpecial(java.lang.Object, java.lang.Object, java.lang.Object, java.lang.Object, java.lang.Object, java.lang.Object, java.lang.Object, java.lang.Object, java.lang.Object, java.lang.Object)'> (0x00000000830f1ce0) 
thrown [s\src\hotspot\share\interpreter\linkResolver.cpp, line 771]
Event: 3.528 Thread 0x000001bb46b73bb0 Exception <a 'java/lang/NoSuchMethodError'{0x00000000830f6e70}: 'java.lang.Object java.lang.invoke.Invokers$Holder.linkToTargetMethod(java.lang.Object, java.lang.Object, java.lang.Object, java.lang.Object, java.lang.Object, java.lang.Object, java.lang.Object, java.lang.Object, java.lang.Object, java.lang.Object)'> (0x00000000830f6e70) 
thrown [s\src\hotspot\share\interpreter\linkResolver.cpp, line 771]
Event: 3.540 Thread 0x000001bb46b73bb0 Exception <a 'java/lang/NoSuchMethodError'{0x0000000082f70d28}: 'java.lang.Object java.lang.invoke.DirectMethodHandle$Holder.newInvokeSpecial(java.lang.Object, java.lang.Object, java.lang.Object, java.lang.Object, java.lang.Object, java.lang.Object, java.lang.Object, java.lang.Object, java.lang.Object, java.lang.Object, java.lang.Object)'> (0x0000000082f70d28) 
thrown [s\src\hotspot\share\interpreter\linkResolver.cpp, line 771]
Event: 3.541 Thread 0x000001bb46b73bb0 Exception <a 'java/lang/NoSuchMethodError'{0x0000000082f76b08}: 'java.lang.Object java.lang.invoke.DirectMethodHandle$Holder.invokeSpecial(java.lang.Object, java.lang.Object, java.lang.Object, java.lang.Object, java.lang.Object, java.lang.Object, java.lang.Object, java.lang.Object, java.lang.Object, java.lang.Object, java.lang.Object, java.lang.Object)'> (0x0000000082f76b08) 
thrown [s\src\hotspot\share\interpreter\linkResolver.cpp, line 771]
Event: 3.541 Thread 0x000001bb46b73bb0 Exception <a 'java/lang/NoSuchMethodError'{0x0000000082f7c448}: 'java.lang.Object java.lang.invoke.Invokers$Holder.linkToTargetMethod(java.lang.Object, java.lang.Object, java.lang.Object, java.lang.Object, java.lang.Object, java.lang.Object, java.lang.Object, java.lang.Object, java.lang.Object, java.lang.Object, java.lang.Object)'> (0x0000000082f7c448) 
thrown [s\src\hotspot\share\interpreter\linkResolver.cpp, line 771]
Event: 3.567 Thread 0x000001bb46b73bb0 Exception <a 'java/lang/NoSuchMethodError'{0x0000000082e19c88}: 'java.lang.Object java.lang.invoke.DirectMethodHandle$Holder.invokeStaticInit(java.lang.Object, java.lang.Object, java.lang.Object, java.lang.Object)'> (0x0000000082e19c88) 
thrown [s\src\hotspot\share\interpreter\linkResolver.cpp, line 771]

VM Operations (20 events):
Event: 2.530 Executing VM operation: G1CollectForAllocation
Event: 2.535 Executing VM operation: G1CollectForAllocation done
Event: 2.547 Executing VM operation: G1CollectForAllocation
Event: 2.549 Executing VM operation: G1CollectForAllocation done
Event: 2.938 Executing VM operation: HandshakeAllThreads
Event: 2.938 Executing VM operation: HandshakeAllThreads done
Event: 2.952 Executing VM operation: G1CollectForAllocation
Event: 2.954 Executing VM operation: G1CollectForAllocation done
Event: 3.012 Executing VM operation: HandshakeAllThreads
Event: 3.012 Executing VM operation: HandshakeAllThreads done
Event: 3.080 Executing VM operation: G1TryInitiateConcMark
Event: 3.083 Executing VM operation: G1TryInitiateConcMark done
Event: 3.203 Executing VM operation: HandshakeAllThreads
Event: 3.203 Executing VM operation: HandshakeAllThreads done
Event: 3.267 Executing VM operation: HandshakeAllThreads
Event: 3.267 Executing VM operation: HandshakeAllThreads done
Event: 3.268 Executing VM operation: HandshakeAllThreads
Event: 3.268 Executing VM operation: HandshakeAllThreads done
Event: 3.598 Executing VM operation: G1CollectForAllocation
Event: 3.602 Executing VM operation: G1CollectForAllocation done

Events (20 events):
Event: 3.189 loading class java/util/concurrent/locks/ReentrantReadWriteLock$Sync done
Event: 3.189 loading class java/util/concurrent/locks/ReentrantReadWriteLock$NonfairSync done
Event: 3.189 loading class java/util/concurrent/locks/ReentrantReadWriteLock$Sync$ThreadLocalHoldCounter
Event: 3.189 loading class java/util/concurrent/locks/ReentrantReadWriteLock$Sync$ThreadLocalHoldCounter done
Event: 3.189 loading class java/util/concurrent/locks/ReentrantReadWriteLock$ReadLock
Event: 3.189 loading class java/util/concurrent/locks/ReentrantReadWriteLock$ReadLock done
Event: 3.189 loading class java/util/concurrent/locks/ReentrantReadWriteLock$WriteLock
Event: 3.189 loading class java/util/concurrent/locks/ReentrantReadWriteLock$WriteLock done
Event: 3.202 loading class java/util/concurrent/Executors$FinalizableDelegatedExecutorService
Event: 3.202 loading class java/util/concurrent/Executors$DelegatedExecutorService
Event: 3.202 loading class java/util/concurrent/Executors$DelegatedExecutorService done
Event: 3.202 loading class java/util/concurrent/Executors$FinalizableDelegatedExecutorService done
Event: 3.484 Thread 0x000001bb45caef00 Thread added: 0x000001bb45caef00
Event: 3.558 Thread 0x000001bb45cb2bc0 Thread added: 0x000001bb45cb2bc0
Event: 3.618 Thread 0x000001bb45cad5b0 Thread added: 0x000001bb45cad5b0
Event: 3.666 Thread 0x000001bb45cadac0 Thread added: 0x000001bb45cadac0
Event: 3.724 loading class java/lang/invoke/SerializedLambda
Event: 3.724 loading class java/lang/invoke/SerializedLambda done
Event: 3.734 loading class java/lang/reflect/AnnotatedType
Event: 3.734 loading class java/lang/reflect/AnnotatedType done


Dynamic libraries:
0x00007ff7d9530000 - 0x00007ff7d953a000 	C:\Program Files\Android\Android Studio\jbr\bin\java.exe
0x00007ffc3adf0000 - 0x00007ffc3b006000 	C:\WINDOWS\SYSTEM32\ntdll.dll
0x00007ffc397c0000 - 0x00007ffc39884000 	C:\WINDOWS\System32\KERNEL32.DLL
0x00007ffc38110000 - 0x00007ffc384b7000 	C:\WINDOWS\System32\KERNELBASE.dll
0x00007ffc38700000 - 0x00007ffc38811000 	C:\WINDOWS\System32\ucrtbase.dll
0x00007ffc25770000 - 0x00007ffc25787000 	C:\Program Files\Android\Android Studio\jbr\bin\jli.dll
0x00007ffc1c990000 - 0x00007ffc1c9ab000 	C:\Program Files\Android\Android Studio\jbr\bin\VCRUNTIME140.dll
0x00007ffc39ea0000 - 0x00007ffc3a04e000 	C:\WINDOWS\System32\USER32.dll
0x00007ffc38630000 - 0x00007ffc38656000 	C:\WINDOWS\System32\win32u.dll
0x00007ffc245b0000 - 0x00007ffc24843000 	C:\WINDOWS\WinSxS\amd64_microsoft.windows.common-controls_6595b64144ccf1df_6.0.22621.3235_none_270f74e173860f98\COMCTL32.dll
0x00007ffc3aa60000 - 0x00007ffc3aa89000 	C:\WINDOWS\System32\GDI32.dll
0x00007ffc39de0000 - 0x00007ffc39e87000 	C:\WINDOWS\System32\msvcrt.dll
0x00007ffc38850000 - 0x00007ffc38969000 	C:\WINDOWS\System32\gdi32full.dll
0x00007ffc38660000 - 0x00007ffc386fa000 	C:\WINDOWS\System32\msvcp_win.dll
0x00007ffc3a290000 - 0x00007ffc3a2c1000 	C:\WINDOWS\System32\IMM32.DLL
0x00007ffc332d0000 - 0x00007ffc332dc000 	C:\Program Files\Android\Android Studio\jbr\bin\vcruntime140_1.dll
0x00007ffbef7d0000 - 0x00007ffbef85d000 	C:\Program Files\Android\Android Studio\jbr\bin\msvcp140.dll
0x00007ffbe1490000 - 0x00007ffbe2113000 	C:\Program Files\Android\Android Studio\jbr\bin\server\jvm.dll
0x00007ffc39620000 - 0x00007ffc396d2000 	C:\WINDOWS\System32\ADVAPI32.dll
0x00007ffc38c80000 - 0x00007ffc38d28000 	C:\WINDOWS\System32\sechost.dll
0x00007ffc38820000 - 0x00007ffc38848000 	C:\WINDOWS\System32\bcrypt.dll
0x00007ffc3a860000 - 0x00007ffc3a975000 	C:\WINDOWS\System32\RPCRT4.dll
0x00007ffc35050000 - 0x00007ffc35059000 	C:\WINDOWS\SYSTEM32\WSOCK32.dll
0x00007ffc30000000 - 0x00007ffc3000a000 	C:\WINDOWS\SYSTEM32\VERSION.dll
0x00007ffc3a980000 - 0x00007ffc3a9f1000 	C:\WINDOWS\System32\WS2_32.dll
0x00007ffc37950000 - 0x00007ffc3799d000 	C:\WINDOWS\SYSTEM32\POWRPROF.dll
0x00007ffc301e0000 - 0x00007ffc30214000 	C:\WINDOWS\SYSTEM32\WINMM.dll
0x00007ffc37930000 - 0x00007ffc37943000 	C:\WINDOWS\SYSTEM32\UMPDC.dll
0x00007ffc37110000 - 0x00007ffc37128000 	C:\WINDOWS\SYSTEM32\kernel.appcore.dll
0x00007ffc33210000 - 0x00007ffc3321a000 	C:\Program Files\Android\Android Studio\jbr\bin\jimage.dll
0x00007ffc352d0000 - 0x00007ffc35503000 	C:\WINDOWS\SYSTEM32\DBGHELP.DLL
0x00007ffc39890000 - 0x00007ffc39c18000 	C:\WINDOWS\System32\combase.dll
0x00007ffc396e0000 - 0x00007ffc397b7000 	C:\WINDOWS\System32\OLEAUT32.dll
0x00007ffc1f870000 - 0x00007ffc1f8a2000 	C:\WINDOWS\SYSTEM32\dbgcore.DLL
0x00007ffc38970000 - 0x00007ffc389e9000 	C:\WINDOWS\System32\bcryptPrimitives.dll
0x00007ffc301c0000 - 0x00007ffc301ce000 	C:\Program Files\Android\Android Studio\jbr\bin\instrument.dll
0x00007ffc2a840000 - 0x00007ffc2a865000 	C:\Program Files\Android\Android Studio\jbr\bin\java.dll
0x00007ffc26960000 - 0x00007ffc26978000 	C:\Program Files\Android\Android Studio\jbr\bin\zip.dll
0x00007ffc38d30000 - 0x00007ffc3958c000 	C:\WINDOWS\System32\SHELL32.dll
0x00007ffc36020000 - 0x00007ffc36919000 	C:\WINDOWS\SYSTEM32\windows.storage.dll
0x00007ffc35ee0000 - 0x00007ffc3601e000 	C:\WINDOWS\SYSTEM32\wintypes.dll
0x00007ffc3a2d0000 - 0x00007ffc3a3c3000 	C:\WINDOWS\System32\SHCORE.dll
0x00007ffc3aa00000 - 0x00007ffc3aa5e000 	C:\WINDOWS\System32\shlwapi.dll
0x00007ffc38040000 - 0x00007ffc38061000 	C:\WINDOWS\SYSTEM32\profapi.dll
0x00007ffc25910000 - 0x00007ffc25929000 	C:\Program Files\Android\Android Studio\jbr\bin\net.dll
0x00007ffc31f00000 - 0x00007ffc32036000 	C:\WINDOWS\SYSTEM32\WINHTTP.dll
0x00007ffc37580000 - 0x00007ffc375e9000 	C:\WINDOWS\system32\mswsock.dll
0x00007ffc258f0000 - 0x00007ffc25906000 	C:\Program Files\Android\Android Studio\jbr\bin\nio.dll
0x00007ffc30300000 - 0x00007ffc30310000 	C:\Program Files\Android\Android Studio\jbr\bin\verify.dll
0x00007ffbf66e0000 - 0x00007ffbf6707000 	C:\Users\avril\.gradle\native\c067742578af261105cb4f569cf0c3c89f3d7b1fecec35dd04571415982c5e48\windows-amd64\native-platform.dll
0x00007ffbed540000 - 0x00007ffbed684000 	C:\Users\avril\.gradle\native\38dada09dfb8b06ba9b0570ebf7e218e3eb74d4ef43ca46872605cf95ebc2f47\windows-amd64\native-platform-file-events.dll
0x00007ffc31cb0000 - 0x00007ffc31cb9000 	C:\Program Files\Android\Android Studio\jbr\bin\management.dll
0x00007ffc316c0000 - 0x00007ffc316cb000 	C:\Program Files\Android\Android Studio\jbr\bin\management_ext.dll
0x00007ffc3a3d0000 - 0x00007ffc3a3d8000 	C:\WINDOWS\System32\PSAPI.DLL
0x00007ffc37810000 - 0x00007ffc3782b000 	C:\WINDOWS\SYSTEM32\CRYPTSP.dll
0x00007ffc37070000 - 0x00007ffc370a5000 	C:\WINDOWS\system32\rsaenh.dll
0x00007ffc376b0000 - 0x00007ffc376d8000 	C:\WINDOWS\SYSTEM32\USERENV.dll
0x00007ffc37830000 - 0x00007ffc3783c000 	C:\WINDOWS\SYSTEM32\CRYPTBASE.dll
0x00007ffc36b80000 - 0x00007ffc36bad000 	C:\WINDOWS\SYSTEM32\IPHLPAPI.DLL
0x00007ffc3a050000 - 0x00007ffc3a059000 	C:\WINDOWS\System32\NSI.dll
0x00007ffc31aa0000 - 0x00007ffc31ab9000 	C:\WINDOWS\SYSTEM32\dhcpcsvc6.DLL
0x00007ffc31970000 - 0x00007ffc3198f000 	C:\WINDOWS\SYSTEM32\dhcpcsvc.DLL
0x00007ffc36bf0000 - 0x00007ffc36ce9000 	C:\WINDOWS\SYSTEM32\DNSAPI.dll
0x00007ffc330a0000 - 0x00007ffc330a8000 	C:\WINDOWS\system32\wshunix.dll

dbghelp: loaded successfully - version: 4.0.5 - missing functions: none
symbol engine: initialized successfully - sym options: 0x614 - pdb path: .;C:\Program Files\Android\Android Studio\jbr\bin;C:\WINDOWS\SYSTEM32;C:\WINDOWS\WinSxS\amd64_microsoft.windows.common-controls_6595b64144ccf1df_6.0.22621.3235_none_270f74e173860f98;C:\Program Files\Android\Android Studio\jbr\bin\server;C:\Users\avril\.gradle\native\c067742578af261105cb4f569cf0c3c89f3d7b1fecec35dd04571415982c5e48\windows-amd64;C:\Users\avril\.gradle\native\38dada09dfb8b06ba9b0570ebf7e218e3eb74d4ef43ca46872605cf95ebc2f47\windows-amd64

VM Arguments:
jvm_args: --add-opens=java.base/java.util=ALL-UNNAMED --add-opens=java.base/java.lang=ALL-UNNAMED --add-opens=java.base/java.lang.invoke=ALL-UNNAMED --add-opens=java.prefs/java.util.prefs=ALL-UNNAMED --add-opens=java.base/java.nio.charset=ALL-UNNAMED --add-opens=java.base/java.net=ALL-UNNAMED --add-opens=java.base/java.util.concurrent.atomic=ALL-UNNAMED -Xmx2048m -Dfile.encoding=UTF-8 -Duser.country=AE -Duser.language=en -Duser.variant -javaagent:C:\Users\avril\.gradle\wrapper\dists\gradle-8.4-bin\1w5dpkrfk8irigvoxmyhowfim\gradle-8.4\lib\agents\gradle-instrumentation-agent-8.4.jar 
java_command: org.gradle.launcher.daemon.bootstrap.GradleDaemon 8.4
java_class_path (initial): C:\Users\avril\.gradle\wrapper\dists\gradle-8.4-bin\1w5dpkrfk8irigvoxmyhowfim\gradle-8.4\lib\gradle-launcher-8.4.jar
Launcher Type: SUN_STANDARD

[Global flags]
     intx CICompilerCount                          = 4                                         {product} {ergonomic}
     uint ConcGCThreads                            = 2                                         {product} {ergonomic}
     uint G1ConcRefinementThreads                  = 8                                         {product} {ergonomic}
   size_t G1HeapRegionSize                         = 1048576                                   {product} {ergonomic}
    uintx GCDrainStackTargetSize                   = 64                                        {product} {ergonomic}
   size_t InitialHeapSize                          = 132120576                                 {product} {ergonomic}
   size_t MarkStackSize                            = 4194304                                   {product} {ergonomic}
   size_t MaxHeapSize                              = 2147483648                                {product} {command line}
   size_t MaxNewSize                               = 1287651328                                {product} {ergonomic}
   size_t MinHeapDeltaBytes                        = 1048576                                   {product} {ergonomic}
   size_t MinHeapSize                              = 8388608                                   {product} {ergonomic}
    uintx NonNMethodCodeHeapSize                   = 5839372                                {pd product} {ergonomic}
    uintx NonProfiledCodeHeapSize                  = 122909434                              {pd product} {ergonomic}
    uintx ProfiledCodeHeapSize                     = 122909434                              {pd product} {ergonomic}
    uintx ReservedCodeCacheSize                    = 251658240                              {pd product} {ergonomic}
     bool SegmentedCodeCache                       = true                                      {product} {ergonomic}
   size_t SoftMaxHeapSize                          = 2147483648                             {manageable} {ergonomic}
     bool UseCompressedClassPointers               = true                           {product lp64_product} {ergonomic}
     bool UseCompressedOops                        = true                           {product lp64_product} {ergonomic}
     bool UseG1GC                                  = true                                      {product} {ergonomic}
     bool UseLargePagesIndividualAllocation        = false                                  {pd product} {ergonomic}

Logging:
Log output configuration:
 #0: stdout all=warning uptime,level,tags
 #1: stderr all=off uptime,level,tags

Environment Variables:
PATH=C:\Program Files (x86)\Common Files\Oracle\Java\javapath;C:\Windows\system32;C:\Windows;C:\Windows\System32\Wbem;C:\Windows\System32\WindowsPowerShell\v1.0\;C:\Windows\System32\OpenSSH\;C:\Program Files (x86)\NVIDIA Corporation\PhysX\Common;C:\Program Files\NVIDIA Corporation\NVIDIA NvDLISR;C:\WINDOWS\system32;C:\WINDOWS;C:\WINDOWS\System32\Wbem;C:\WINDOWS\System32\WindowsPowerShell\v1.0\;C:\WINDOWS\System32\OpenSSH\;C:\Program Files\dotnet\;C:\Program Files\MySQL\MySQL Shell 8.0\bin\;C:\Users\avril\AppData\Local\Microsoft\WindowsApps;C:\Users\avril\AppData\Local\Programs\Microsoft VS Code\bin;C:\Users\avril\AppData\Local\GitHubDesktop\bin;C:\Users\avril\.dotnet\tools
USERNAME=avril
OS=Windows_NT
PROCESSOR_IDENTIFIER=Intel64 Family 6 Model 165 Stepping 2, GenuineIntel
TMP=C:\Users\avril\AppData\Local\Temp
TEMP=C:\Users\avril\AppData\Local\Temp



Periodic native trim disabled

JNI global refs:
JNI global refs: 25, weak refs: 0

JNI global refs memory usage: 843, weak refs: 841

OOME stack traces (most recent first):
Classloader memory used:
Loader bootstrap                                                                       : 1971K
Loader org.gradle.internal.classloader.VisitableURLClassLoader                         : 1859K
Loader org.gradle.initialization.MixInLegacyTypesClassLoader                           : 373K
Loader org.gradle.internal.classloader.VisitableURLClassLoader                         : 54362B
Loader jdk.internal.loader.ClassLoaders$AppClassLoader                                 : 28453B
Loader jdk.internal.reflect.DelegatingClassLoader                                      : 21134B
Loader jdk.internal.loader.ClassLoaders$PlatformClassLoader                            : 15468B

Classes loaded by more than one classloader:
Class org.gradle.api.GradleException                                                  : loaded 3 times (x 80B)
Class org.gradle.util.GradleVersion                                                   : loaded 2 times (x 81B)
Class org.gradle.internal.classpath.ClassPath                                         : loaded 2 times (x 68B)
Class org.gradle.api.internal.classpath.DefaultModuleRegistry                         : loaded 2 times (x 84B)
Class org.gradle.internal.exceptions.NonGradleCauseExceptionsHolder                   : loaded 2 times (x 68B)
Class org.gradle.api.Action                                                           : loaded 2 times (x 68B)
Class org.gradle.api.internal.DefaultClassPathProvider                                : loaded 2 times (x 74B)
Class org.gradle.internal.installation.GradleInstallation$1                           : loaded 2 times (x 73B)
Class org.gradle.internal.exceptions.DefaultMultiCauseException                       : loaded 2 times (x 89B)
Class org.gradle.internal.time.MonotonicClock                                         : loaded 2 times (x 75B)
Class org.gradle.internal.classloader.FilteringClassLoader                            : loaded 2 times (x 103B)
Class org.gradle.internal.classpath.DefaultClassPath$ImmutableUniqueList$Builder      : loaded 2 times (x 73B)
Class org.gradle.internal.classloader.ClassLoaderVisitor                              : loaded 2 times (x 74B)
Class org.gradle.internal.time.DefaultCountdownTimer                                  : loaded 2 times (x 86B)
Class org.gradle.internal.service.DefaultServiceLocator                               : loaded 2 times (x 81B)
Class org.gradle.internal.service.UnknownServiceException                             : loaded 2 times (x 81B)
Class org.gradle.internal.classloader.DefaultClassLoaderFactory                       : loaded 2 times (x 80B)
Class org.gradle.internal.classloader.VisitableURLClassLoader$Spec                    : loaded 2 times (x 72B)
Class org.gradle.tooling.model.ProjectModel                                           : loaded 2 times (x 68B)
Class org.gradle.internal.installation.GradleInstallation                             : loaded 2 times (x 73B)
Class org.gradle.api.internal.classpath.ModuleRegistry                                : loaded 2 times (x 68B)
Class org.gradle.api.internal.ClassPathProvider                                       : loaded 2 times (x 68B)
Class org.gradle.internal.classloader.ClasspathUtil$1                                 : loaded 2 times (x 74B)
Class org.gradle.internal.classloader.ClassLoaderFactory                              : loaded 2 times (x 68B)
Class org.gradle.api.internal.classpath.ManifestUtil                                  : loaded 2 times (x 69B)
Class org.gradle.api.specs.Spec                                                       : loaded 2 times (x 68B)
Class org.gradle.internal.IoActions                                                   : loaded 2 times (x 69B)
Class org.gradle.api.internal.classpath.EffectiveClassPath                            : loaded 2 times (x 88B)
Class org.gradle.internal.installation.CurrentGradleInstallation                      : loaded 2 times (x 71B)
Class org.gradle.internal.agents.InstrumentingClassLoader                             : loaded 2 times (x 68B)
Class org.gradle.internal.installation.CurrentGradleInstallationLocator               : loaded 2 times (x 69B)
Class org.gradle.api.internal.classpath.Module                                        : loaded 2 times (x 68B)
Class org.gradle.internal.service.CachingServiceLocator                               : loaded 2 times (x 80B)
Class org.gradle.internal.time.Timer                                                  : loaded 2 times (x 68B)
Class org.gradle.internal.classpath.DefaultClassPath                                  : loaded 2 times (x 88B)
Class org.gradle.internal.time.Time                                                   : loaded 2 times (x 69B)
Class org.gradle.internal.time.TimeSource$1                                           : loaded 2 times (x 75B)
Class org.gradle.internal.classloader.SystemClassLoaderSpec                           : loaded 2 times (x 69B)
Class kotlin.Function                                                                 : loaded 2 times (x 68B)
Class org.gradle.api.UncheckedIOException                                             : loaded 2 times (x 80B)
Class org.gradle.internal.time.CountdownTimer                                         : loaded 2 times (x 68B)
Class org.gradle.internal.time.Clock                                                  : loaded 2 times (x 68B)
Class org.gradle.internal.classloader.ClasspathUtil                                   : loaded 2 times (x 69B)
Class org.gradle.api.internal.DefaultClassPathRegistry                                : loaded 2 times (x 74B)
Class org.gradle.api.internal.classpath.DefaultModuleRegistry$DefaultModule           : loaded 2 times (x 84B)
Class org.gradle.internal.time.TimeSource                                             : loaded 2 times (x 68B)
Class org.gradle.api.internal.classpath.UnknownModuleException                        : loaded 2 times (x 80B)
Class org.gradle.internal.service.ServiceLookupException                              : loaded 2 times (x 80B)
Class org.gradle.cache.GlobalCache                                                    : loaded 2 times (x 68B)
Class [Lorg.gradle.api.internal.ClassPathProvider;                                    : loaded 2 times (x 67B)
Class org.gradle.internal.operations.MultipleBuildOperationFailures                   : loaded 2 times (x 89B)
Class org.gradle.util.internal.GUtil                                                  : loaded 2 times (x 69B)
Class org.gradle.internal.classloader.ClassLoaderSpec                                 : loaded 2 times (x 69B)
Class org.gradle.internal.classloader.VisitableURLClassLoader                         : loaded 2 times (x 115B)
Class org.gradle.internal.Cast                                                        : loaded 2 times (x 69B)
Class org.gradle.api.internal.ClassPathRegistry                                       : loaded 2 times (x 68B)
Class org.gradle.internal.classloader.VisitableURLClassLoader$InstrumentingVisitableURLClassLoader: loaded 2 times (x 121B)
Class org.gradle.internal.classloader.ClassLoaderHierarchy                            : loaded 2 times (x 68B)
Class org.gradle.internal.exceptions.MultiCauseException                              : loaded 2 times (x 68B)
Class org.gradle.internal.InternalTransformer                                         : loaded 2 times (x 68B)
Class org.gradle.internal.service.ServiceLocator                                      : loaded 2 times (x 68B)
Class org.gradle.internal.classpath.DefaultClassPath$ImmutableUniqueList              : loaded 2 times (x 159B)
Class org.gradle.internal.time.DefaultTimer                                           : loaded 2 times (x 78B)
Class org.gradle.internal.classpath.TransformedClassPath                              : loaded 2 times (x 94B)


---------------  S Y S T E M  ---------------

OS:
 Windows 11 , 64 bit Build 22621 (10.0.22621.3374)
OS uptime: 0 days 17:01 hours
Hyper-V role detected

CPU: total 8 (initial active 8) (4 cores per cpu, 2 threads per core) family 6 model 165 stepping 2 microcode 0xe0, cx8, cmov, fxsr, ht, mmx, 3dnowpref, sse, sse2, sse3, ssse3, sse4.1, sse4.2, popcnt, lzcnt, tsc, tscinvbit, avx, avx2, aes, erms, clmul, bmi1, bmi2, adx, fma, vzeroupper, clflush, clflushopt, hv
Processor Information for all 8 processors :
  Max Mhz: 2496, Current Mhz: 2496, Mhz Limit: 2496

Memory: 4k page, system-wide physical 8029M (389M free)
TotalPageFile size 32605M (AvailPageFile size 74M)
current process WorkingSet (physical memory assigned to process): 205M, peak: 207M
current process commit charge ("private bytes"): 243M, peak: 266M

vm_info: OpenJDK 64-Bit Server VM (17.0.9+0--11185874) for windows-amd64 JRE (17.0.9+0--11185874), built on Dec  6 2023 18:57:44 by "androidbuild" with MS VC++ 16.10 / 16.11 (VS2019)

END.
