#
# There is insufficient memory for the Java Runtime Environment to continue.
# Native memory allocation (malloc) failed to allocate 1043520 bytes for Chunk::new
# Possible reasons:
#   The system is out of physical RAM or swap space
#   The process is running with CompressedOops enabled, and the Java Heap may be blocking the growth of the native heap
# Possible solutions:
#   Reduce memory load on the system
#   Increase physical memory or swap space
#   Check if swap backing store is full
#   Decrease Java heap size (-Xmx/-Xms)
#   Decrease number of Java threads
#   Decrease Java thread stack sizes (-Xss)
#   Set larger code cache with -XX:ReservedCodeCacheSize=
#   JVM is running with Unscaled Compressed Oops mode in which the Java heap is
#     placed in the first 4GB address space. The Java Heap base address is the
#     maximum limit for the native heap growth. Please use -XX:HeapBaseMinAddress
#     to set the Java Heap base and to place the Java Heap above 4GB virtual address.
# This output file may be truncated or incomplete.
#
#  Out of Memory Error (arena.cpp:191), pid=16060, tid=28520
#
# JRE version: OpenJDK Runtime Environment (17.0.9) (build 17.0.9+0--11185874)
# Java VM: OpenJDK 64-Bit Server VM (17.0.9+0--11185874, mixed mode, tiered, compressed oops, compressed class ptrs, g1 gc, windows-amd64)
# No core dump will be written. Minidumps are not enabled by default on client versions of Windows
#

---------------  S U M M A R Y ------------

Command Line: --add-opens=java.base/java.util=ALL-UNNAMED --add-opens=java.base/java.lang=ALL-UNNAMED --add-opens=java.base/java.lang.invoke=ALL-UNNAMED --add-opens=java.prefs/java.util.prefs=ALL-UNNAMED --add-opens=java.base/java.nio.charset=ALL-UNNAMED --add-opens=java.base/java.net=ALL-UNNAMED --add-opens=java.base/java.util.concurrent.atomic=ALL-UNNAMED -Xmx2048m -Dfile.encoding=UTF-8 -Duser.country=AE -Duser.language=en -Duser.variant -javaagent:C:\Users\avril\.gradle\wrapper\dists\gradle-8.4-bin\1w5dpkrfk8irigvoxmyhowfim\gradle-8.4\lib\agents\gradle-instrumentation-agent-8.4.jar org.gradle.launcher.daemon.bootstrap.GradleDaemon 8.4

Host: Intel(R) Core(TM) i5-10300H CPU @ 2.50GHz, 8 cores, 7G,  Windows 11 , 64 bit Build 22621 (10.0.22621.3374)
Time: Fri Apr 19 16:20:46 2024 Arabian Standard Time elapsed time: 6.257422 seconds (0d 0h 0m 6s)

---------------  T H R E A D  ---------------

Current thread (0x000002191d5571e0):  JavaThread "C2 CompilerThread0" daemon [_thread_in_native, id=28520, stack(0x0000003603c00000,0x0000003603d00000)]


Current CompileTask:
C2:   6257 3973       4       org.objectweb.asm.Frame::execute (2318 bytes)

Stack: [0x0000003603c00000,0x0000003603d00000]
Native frames: (J=compiled Java code, j=interpreted, Vv=VM code, C=native code)
V  [jvm.dll+0x6886e9]
V  [jvm.dll+0x841e4a]
V  [jvm.dll+0x843a8e]
V  [jvm.dll+0x8440f3]
V  [jvm.dll+0x24c14f]
V  [jvm.dll+0xac44c]
V  [jvm.dll+0xaca9c]
V  [jvm.dll+0x36c1f7]
V  [jvm.dll+0x1be6a2]
V  [jvm.dll+0x21df09]
V  [jvm.dll+0x21d1d1]
V  [jvm.dll+0x1a674d]
V  [jvm.dll+0x22d088]
V  [jvm.dll+0x22b1c0]
V  [jvm.dll+0x7f62f7]
V  [jvm.dll+0x7f06aa]
V  [jvm.dll+0x687565]
C  [ucrtbase.dll+0x29333]
C  [KERNEL32.DLL+0x1257d]
C  [ntdll.dll+0x5aa48]


---------------  P R O C E S S  ---------------

Threads class SMR info:
_java_thread_list=0x00000219252a3f40, length=42, elements={
0x000002190156a340, 0x000002191d3d2470, 0x000002191d3d3810, 0x000002191d553290,
0x000002191d554020, 0x000002191d555c60, 0x000002191d556530, 0x000002191d5571e0,
0x000002191d557ba0, 0x000002191d563dd0, 0x000002191d35acb0, 0x000002191d7b0fa0,
0x0000021923271fa0, 0x00000219245fe060, 0x00000219231a58a0, 0x00000219231e0180,
0x00000219231e0660, 0x0000021922da80e0, 0x000002192316d960, 0x000002192316e660,
0x0000021923191ae0, 0x0000021923193e50, 0x0000021924327900, 0x0000021923191ff0,
0x0000021923194870, 0x0000021923193430, 0x0000021923194d80, 0x0000021923192a10,
0x0000021923192f20, 0x0000021923195290, 0x0000021923194360, 0x0000021923193940,
0x0000021924e71350, 0x0000021924e6b830, 0x0000021924e71860, 0x0000021924e6c250,
0x0000021924e6fa00, 0x0000021924e6e0b0, 0x0000021924e6c760, 0x0000021924e6efe0,
0x0000021924e6d690, 0x0000021924e70e40
}

Java Threads: ( => current thread )
  0x000002190156a340 JavaThread "main" [_thread_blocked, id=27188, stack(0x0000003602f00000,0x0000003603000000)]
  0x000002191d3d2470 JavaThread "Reference Handler" daemon [_thread_blocked, id=26692, stack(0x0000003603600000,0x0000003603700000)]
  0x000002191d3d3810 JavaThread "Finalizer" daemon [_thread_blocked, id=20180, stack(0x0000003603700000,0x0000003603800000)]
  0x000002191d553290 JavaThread "Signal Dispatcher" daemon [_thread_blocked, id=24316, stack(0x0000003603800000,0x0000003603900000)]
  0x000002191d554020 JavaThread "Attach Listener" daemon [_thread_blocked, id=22924, stack(0x0000003603900000,0x0000003603a00000)]
  0x000002191d555c60 JavaThread "Service Thread" daemon [_thread_blocked, id=27596, stack(0x0000003603a00000,0x0000003603b00000)]
  0x000002191d556530 JavaThread "Monitor Deflation Thread" daemon [_thread_blocked, id=12900, stack(0x0000003603b00000,0x0000003603c00000)]
=>0x000002191d5571e0 JavaThread "C2 CompilerThread0" daemon [_thread_in_native, id=28520, stack(0x0000003603c00000,0x0000003603d00000)]
  0x000002191d557ba0 JavaThread "C1 CompilerThread0" daemon [_thread_blocked, id=24280, stack(0x0000003603d00000,0x0000003603e00000)]
  0x000002191d563dd0 JavaThread "Sweeper thread" daemon [_thread_blocked, id=28496, stack(0x0000003603e00000,0x0000003603f00000)]
  0x000002191d35acb0 JavaThread "Common-Cleaner" daemon [_thread_blocked, id=27352, stack(0x0000003603f00000,0x0000003604000000)]
  0x000002191d7b0fa0 JavaThread "Notification Thread" daemon [_thread_blocked, id=26600, stack(0x0000003604000000,0x0000003604100000)]
  0x0000021923271fa0 JavaThread "Daemon health stats" [_thread_blocked, id=16272, stack(0x0000003604700000,0x0000003604800000)]
  0x00000219245fe060 JavaThread "Incoming local TCP Connector on port 61956" [_thread_in_native, id=15608, stack(0x0000003604600000,0x0000003604700000)]
  0x00000219231a58a0 JavaThread "Daemon periodic checks" [_thread_blocked, id=28000, stack(0x0000003604800000,0x0000003604900000)]
  0x00000219231e0180 JavaThread "Daemon" [_thread_blocked, id=1268, stack(0x0000003604900000,0x0000003604a00000)]
  0x00000219231e0660 JavaThread "Handler for socket connection from /127.0.0.1:61956 to /127.0.0.1:61957" [_thread_in_native, id=6104, stack(0x0000003604a00000,0x0000003604b00000)]
  0x0000021922da80e0 JavaThread "Cancel handler" [_thread_blocked, id=22440, stack(0x0000003604b00000,0x0000003604c00000)]
  0x000002192316d960 JavaThread "Daemon worker" [_thread_in_native, id=20244, stack(0x0000003604c00000,0x0000003604d00000)]
  0x000002192316e660 JavaThread "Asynchronous log dispatcher for DefaultDaemonConnection: socket connection from /127.0.0.1:61956 to /127.0.0.1:61957" [_thread_blocked, id=21280, stack(0x0000003604d00000,0x0000003604e00000)]
  0x0000021923191ae0 JavaThread "Stdin handler" [_thread_blocked, id=19856, stack(0x0000003604e00000,0x0000003604f00000)]
  0x0000021923193e50 JavaThread "Daemon client event forwarder" [_thread_blocked, id=11520, stack(0x0000003604f00000,0x0000003605000000)]
  0x0000021924327900 JavaThread "C2 CompilerThread1" daemon [_thread_blocked, id=15408, stack(0x0000003605400000,0x0000003605500000)]
  0x0000021923191ff0 JavaThread "Cache worker for journal cache (C:\Users\avril\.gradle\caches\journal-1)" [_thread_blocked, id=28288, stack(0x0000003605500000,0x0000003605600000)]
  0x0000021923194870 JavaThread "File lock request listener" [_thread_in_native, id=2772, stack(0x0000003605600000,0x0000003605700000)]
  0x0000021923193430 JavaThread "Cache worker for file hash cache (C:\Users\avril\.gradle\caches\8.4\fileHashes)" [_thread_blocked, id=22608, stack(0x0000003605700000,0x0000003605800000)]
  0x0000021923194d80 JavaThread "File watcher server" daemon [_thread_in_native, id=5168, stack(0x0000003605800000,0x0000003605900000)]
  0x0000021923192a10 JavaThread "File watcher consumer" daemon [_thread_blocked, id=8548, stack(0x0000003605900000,0x0000003605a00000)]
  0x0000021923192f20 JavaThread "jar transforms" [_thread_blocked, id=22548, stack(0x0000003605a00000,0x0000003605b00000)]
  0x0000021923195290 JavaThread "jar transforms Thread 2" [_thread_blocked, id=26932, stack(0x0000003605b00000,0x0000003605c00000)]
  0x0000021923194360 JavaThread "jar transforms Thread 3" [_thread_blocked, id=19200, stack(0x0000003605c00000,0x0000003605d00000)]
  0x0000021923193940 JavaThread "jar transforms Thread 4" [_thread_blocked, id=8208, stack(0x0000003605d00000,0x0000003605e00000)]
  0x0000021924e71350 JavaThread "jar transforms Thread 5" [_thread_blocked, id=27604, stack(0x0000003605e00000,0x0000003605f00000)]
  0x0000021924e6b830 JavaThread "jar transforms Thread 6" [_thread_blocked, id=23448, stack(0x0000003605f00000,0x0000003606000000)]
  0x0000021924e71860 JavaThread "jar transforms Thread 7" [_thread_blocked, id=24456, stack(0x0000003606000000,0x0000003606100000)]
  0x0000021924e6c250 JavaThread "jar transforms Thread 8" [_thread_blocked, id=17416, stack(0x0000003606100000,0x0000003606200000)]
  0x0000021924e6fa00 JavaThread "Cache worker for checksums cache (C:\Users\avril\AndroidStudioProjects\LoveCalculator\.gradle\8.4\checksums)" [_thread_blocked, id=27048, stack(0x0000003606200000,0x0000003606300000)]
  0x0000021924e6e0b0 JavaThread "Cache worker for file hash cache (C:\Users\avril\AndroidStudioProjects\LoveCalculator\.gradle\8.4\fileHashes)" [_thread_blocked, id=7332, stack(0x0000003606300000,0x0000003606400000)]
  0x0000021924e6c760 JavaThread "Cache worker for cache directory md-supplier (C:\Users\avril\.gradle\caches\8.4\md-supplier)" [_thread_blocked, id=26644, stack(0x0000003606500000,0x0000003606600000)]
  0x0000021924e6efe0 JavaThread "Cache worker for file content cache (C:\Users\avril\.gradle\caches\8.4\fileContent)" [_thread_blocked, id=27760, stack(0x0000003606600000,0x0000003606700000)]
  0x0000021924e6d690 JavaThread "Cache worker for cache directory md-rule (C:\Users\avril\.gradle\caches\8.4\md-rule)" [_thread_blocked, id=12172, stack(0x0000003606700000,0x0000003606800000)]
  0x0000021924e70e40 JavaThread "Cache worker for execution history cache (C:\Users\avril\.gradle\caches\8.4\executionHistory)" [_thread_blocked, id=18376, stack(0x0000003606800000,0x0000003606900000)]

Other Threads:
  0x000002191d3d0950 VMThread "VM Thread" [stack: 0x0000003603500000,0x0000003603600000] [id=27740]
  0x000002191d81b830 WatcherThread [stack: 0x0000003604100000,0x0000003604200000] [id=27368]
  0x00000219015c8400 GCTaskThread "GC Thread#0" [stack: 0x0000003603000000,0x0000003603100000] [id=27768]
  0x00000219229063d0 GCTaskThread "GC Thread#1" [stack: 0x0000003604300000,0x0000003604400000] [id=17364]
  0x0000021922906690 GCTaskThread "GC Thread#2" [stack: 0x0000003604400000,0x0000003604500000] [id=28608]
  0x00000219229472d0 GCTaskThread "GC Thread#3" [stack: 0x0000003604500000,0x0000003604600000] [id=12628]
  0x00000219229b95c0 GCTaskThread "GC Thread#4" [stack: 0x0000003604200000,0x0000003604300000] [id=20064]
  0x0000021923318d90 GCTaskThread "GC Thread#5" [stack: 0x0000003605000000,0x0000003605100000] [id=24564]
  0x0000021923e05f10 GCTaskThread "GC Thread#6" [stack: 0x0000003605100000,0x0000003605200000] [id=27396]
  0x0000021923e06750 GCTaskThread "GC Thread#7" [stack: 0x0000003605200000,0x0000003605300000] [id=15544]
  0x00000219015d9260 ConcurrentGCThread "G1 Main Marker" [stack: 0x0000003603100000,0x0000003603200000] [id=22892]
  0x00000219015da330 ConcurrentGCThread "G1 Conc#0" [stack: 0x0000003603200000,0x0000003603300000] [id=28328]
  0x0000021923e04e90 ConcurrentGCThread "G1 Conc#1" [stack: 0x0000003605300000,0x0000003605400000] [id=9292]
  0x000002190161d9c0 ConcurrentGCThread "G1 Refine#0" [stack: 0x0000003603300000,0x0000003603400000] [id=332]
  0x0000021925dbf880 ConcurrentGCThread "G1 Refine#1" [stack: 0x0000003606400000,0x0000003606500000] [id=26120]
  0x000002190161e300 ConcurrentGCThread "G1 Service" [stack: 0x0000003603400000,0x0000003603500000] [id=27400]

Threads with active compile tasks:
C2 CompilerThread0     6288 3973       4       org.objectweb.asm.Frame::execute (2318 bytes)

VM state: not at safepoint (normal execution)

VM Mutex/Monitor currently owned by a thread: None

Heap address: 0x0000000080000000, size: 2048 MB, Compressed Oops mode: 32-bit

CDS archive(s) not mapped
Compressed class space mapped at: 0x0000000100000000-0x0000000140000000, reserved size: 1073741824
Narrow klass base: 0x0000000000000000, Narrow klass shift: 3, Narrow klass range: 0x140000000

GC Precious Log:
 CPUs: 8 total, 8 available
 Memory: 8029M
 Large Page Support: Disabled
 NUMA Support: Disabled
 Compressed Oops: Enabled (32-bit)
 Heap Region Size: 1M
 Heap Min Capacity: 8M
 Heap Initial Capacity: 126M
 Heap Max Capacity: 2G
 Pre-touch: Disabled
 Parallel Workers: 8
 Concurrent Workers: 2
 Concurrent Refinement Workers: 8
 Periodic GC: Disabled

Heap:
 garbage-first heap   total 87040K, used 52948K [0x0000000080000000, 0x0000000100000000)
  region size 1024K, 9 young (9216K), 2 survivors (2048K)
 Metaspace       used 47618K, committed 48064K, reserved 1114112K
  class space    used 6344K, committed 6528K, reserved 1048576K

Heap Regions: E=young(eden), S=young(survivor), O=old, HS=humongous(starts), HC=humongous(continues), CS=collection set, F=free, OA=open archive, CA=closed archive, TAMS=top-at-mark-start (previous, next)
|   0|0x0000000080000000, 0x0000000080100000, 0x0000000080100000|100%|HS|  |TAMS 0x0000000080100000, 0x0000000080000000| Complete 
|   1|0x0000000080100000, 0x0000000080200000, 0x0000000080200000|100%|HC|  |TAMS 0x0000000080200000, 0x0000000080100000| Complete 
|   2|0x0000000080200000, 0x0000000080300000, 0x0000000080300000|100%|HC|  |TAMS 0x0000000080300000, 0x0000000080200000| Complete 
|   3|0x0000000080300000, 0x0000000080400000, 0x0000000080400000|100%|HC|  |TAMS 0x0000000080400000, 0x0000000080300000| Complete 
|   4|0x0000000080400000, 0x0000000080500000, 0x0000000080500000|100%| O|  |TAMS 0x0000000080500000, 0x0000000080400000| Untracked 
|   5|0x0000000080500000, 0x0000000080600000, 0x0000000080600000|100%| O|  |TAMS 0x0000000080600000, 0x0000000080500000| Untracked 
|   6|0x0000000080600000, 0x0000000080700000, 0x0000000080700000|100%| O|  |TAMS 0x0000000080700000, 0x0000000080600000| Untracked 
|   7|0x0000000080700000, 0x0000000080800000, 0x0000000080800000|100%| O|  |TAMS 0x0000000080800000, 0x0000000080700000| Untracked 
|   8|0x0000000080800000, 0x0000000080900000, 0x0000000080900000|100%| O|  |TAMS 0x0000000080900000, 0x0000000080800000| Untracked 
|   9|0x0000000080900000, 0x0000000080a00000, 0x0000000080a00000|100%| O|  |TAMS 0x0000000080a00000, 0x0000000080900000| Untracked 
|  10|0x0000000080a00000, 0x0000000080ab5c00, 0x0000000080b00000| 70%| O|  |TAMS 0x0000000080ab5c00, 0x0000000080a00000| Untracked 
|  11|0x0000000080b00000, 0x0000000080c00000, 0x0000000080c00000|100%| O|  |TAMS 0x0000000080c00000, 0x0000000080b00000| Untracked 
|  12|0x0000000080c00000, 0x0000000080d00000, 0x0000000080d00000|100%| O|  |TAMS 0x0000000080d00000, 0x0000000080c00000| Untracked 
|  13|0x0000000080d00000, 0x0000000080e00000, 0x0000000080e00000|100%| O|  |TAMS 0x0000000080e00000, 0x0000000080d00000| Untracked 
|  14|0x0000000080e00000, 0x0000000080f00000, 0x0000000080f00000|100%| O|  |TAMS 0x0000000080f00000, 0x0000000080e00000| Untracked 
|  15|0x0000000080f00000, 0x0000000081000000, 0x0000000081000000|100%| O|  |TAMS 0x0000000081000000, 0x0000000080f00000| Untracked 
|  16|0x0000000081000000, 0x0000000081100000, 0x0000000081100000|100%| O|  |TAMS 0x0000000081100000, 0x0000000081000000| Untracked 
|  17|0x0000000081100000, 0x0000000081200000, 0x0000000081200000|100%| O|  |TAMS 0x0000000081200000, 0x0000000081100000| Untracked 
|  18|0x0000000081200000, 0x0000000081300000, 0x0000000081300000|100%| O|  |TAMS 0x0000000081300000, 0x0000000081200000| Untracked 
|  19|0x0000000081300000, 0x0000000081400000, 0x0000000081400000|100%|HS|  |TAMS 0x0000000081400000, 0x0000000081300000| Complete 
|  20|0x0000000081400000, 0x0000000081500000, 0x0000000081500000|100%|HC|  |TAMS 0x0000000081500000, 0x0000000081400000| Complete 
|  21|0x0000000081500000, 0x0000000081600000, 0x0000000081600000|100%|HS|  |TAMS 0x0000000081600000, 0x0000000081500000| Complete 
|  22|0x0000000081600000, 0x0000000081700000, 0x0000000081700000|100%|HC|  |TAMS 0x0000000081700000, 0x0000000081600000| Complete 
|  23|0x0000000081700000, 0x0000000081800000, 0x0000000081800000|100%|HC|  |TAMS 0x0000000081800000, 0x0000000081700000| Complete 
|  24|0x0000000081800000, 0x0000000081900000, 0x0000000081900000|100%|HS|  |TAMS 0x0000000081900000, 0x0000000081800000| Complete 
|  25|0x0000000081900000, 0x0000000081a00000, 0x0000000081a00000|100%|HC|  |TAMS 0x0000000081a00000, 0x0000000081900000| Complete 
|  26|0x0000000081a00000, 0x0000000081b00000, 0x0000000081b00000|100%|HC|  |TAMS 0x0000000081b00000, 0x0000000081a00000| Complete 
|  27|0x0000000081b00000, 0x0000000081c00000, 0x0000000081c00000|100%|HS|  |TAMS 0x0000000081c00000, 0x0000000081b00000| Complete 
|  28|0x0000000081c00000, 0x0000000081d00000, 0x0000000081d00000|100%|HC|  |TAMS 0x0000000081d00000, 0x0000000081c00000| Complete 
|  29|0x0000000081d00000, 0x0000000081e00000, 0x0000000081e00000|100%|HC|  |TAMS 0x0000000081e00000, 0x0000000081d00000| Complete 
|  30|0x0000000081e00000, 0x0000000081f00000, 0x0000000081f00000|100%| O|  |TAMS 0x0000000081f00000, 0x0000000081e00000| Untracked 
|  31|0x0000000081f00000, 0x0000000082000000, 0x0000000082000000|100%| O|  |TAMS 0x0000000082000000, 0x0000000081f00000| Untracked 
|  32|0x0000000082000000, 0x0000000082100000, 0x0000000082100000|100%| O|  |TAMS 0x0000000082100000, 0x0000000082000000| Untracked 
|  33|0x0000000082100000, 0x0000000082200000, 0x0000000082200000|100%| O|  |TAMS 0x0000000082200000, 0x0000000082100000| Untracked 
|  34|0x0000000082200000, 0x0000000082300000, 0x0000000082300000|100%| O|  |TAMS 0x0000000082300000, 0x0000000082200000| Untracked 
|  35|0x0000000082300000, 0x0000000082400000, 0x0000000082400000|100%| O|  |TAMS 0x0000000082400000, 0x0000000082300000| Untracked 
|  36|0x0000000082400000, 0x0000000082500000, 0x0000000082500000|100%| O|  |TAMS 0x00000000824e6800, 0x0000000082400000| Untracked 
|  37|0x0000000082500000, 0x0000000082600000, 0x0000000082600000|100%| O|  |TAMS 0x0000000082500000, 0x0000000082500000| Untracked 
|  38|0x0000000082600000, 0x0000000082700000, 0x0000000082700000|100%| O|  |TAMS 0x0000000082700000, 0x0000000082600000| Untracked 
|  39|0x0000000082700000, 0x0000000082800000, 0x0000000082800000|100%| O|  |TAMS 0x0000000082800000, 0x0000000082700000| Untracked 
|  40|0x0000000082800000, 0x0000000082900000, 0x0000000082900000|100%| O|  |TAMS 0x0000000082900000, 0x0000000082800000| Untracked 
|  41|0x0000000082900000, 0x0000000082a00000, 0x0000000082a00000|100%| O|  |TAMS 0x0000000082a00000, 0x0000000082900000| Untracked 
|  42|0x0000000082a00000, 0x0000000082a00000, 0x0000000082b00000|  0%| F|  |TAMS 0x0000000082a00000, 0x0000000082a00000| Untracked 
|  43|0x0000000082b00000, 0x0000000082c00000, 0x0000000082c00000|100%| O|  |TAMS 0x0000000082c00000, 0x0000000082b00000| Untracked 
|  44|0x0000000082c00000, 0x0000000082c00000, 0x0000000082d00000|  0%| F|  |TAMS 0x0000000082c00000, 0x0000000082c00000| Untracked 
|  45|0x0000000082d00000, 0x0000000082d00000, 0x0000000082e00000|  0%| F|  |TAMS 0x0000000082d00000, 0x0000000082d00000| Untracked 
|  46|0x0000000082e00000, 0x0000000082e00000, 0x0000000082f00000|  0%| F|  |TAMS 0x0000000082e00000, 0x0000000082e00000| Untracked 
|  47|0x0000000082f00000, 0x0000000082f00000, 0x0000000083000000|  0%| F|  |TAMS 0x0000000082f00000, 0x0000000082f00000| Untracked 
|  48|0x0000000083000000, 0x0000000083100000, 0x0000000083100000|100%| O|  |TAMS 0x0000000083000000, 0x0000000083000000| Untracked 
|  49|0x0000000083100000, 0x000000008315b800, 0x0000000083200000| 35%| O|  |TAMS 0x0000000083100000, 0x0000000083100000| Untracked 
|  50|0x0000000083200000, 0x0000000083200000, 0x0000000083300000|  0%| F|  |TAMS 0x0000000083200000, 0x0000000083200000| Untracked 
|  51|0x0000000083300000, 0x0000000083300000, 0x0000000083400000|  0%| F|  |TAMS 0x0000000083300000, 0x0000000083300000| Untracked 
|  52|0x0000000083400000, 0x0000000083400000, 0x0000000083500000|  0%| F|  |TAMS 0x0000000083400000, 0x0000000083400000| Untracked 
|  53|0x0000000083500000, 0x0000000083500000, 0x0000000083600000|  0%| F|  |TAMS 0x0000000083500000, 0x0000000083500000| Untracked 
|  54|0x0000000083600000, 0x0000000083600000, 0x0000000083700000|  0%| F|  |TAMS 0x0000000083600000, 0x0000000083600000| Untracked 
|  55|0x0000000083700000, 0x0000000083700000, 0x0000000083800000|  0%| F|  |TAMS 0x0000000083700000, 0x0000000083700000| Untracked 
|  56|0x0000000083800000, 0x0000000083800000, 0x0000000083900000|  0%| F|  |TAMS 0x0000000083800000, 0x0000000083800000| Untracked 
|  57|0x0000000083900000, 0x0000000083900000, 0x0000000083a00000|  0%| F|  |TAMS 0x0000000083900000, 0x0000000083900000| Untracked 
|  58|0x0000000083a00000, 0x0000000083a00000, 0x0000000083b00000|  0%| F|  |TAMS 0x0000000083a00000, 0x0000000083a00000| Untracked 
|  59|0x0000000083b00000, 0x0000000083b00000, 0x0000000083c00000|  0%| F|  |TAMS 0x0000000083b00000, 0x0000000083b00000| Untracked 
|  60|0x0000000083c00000, 0x0000000083c00000, 0x0000000083d00000|  0%| F|  |TAMS 0x0000000083c00000, 0x0000000083c00000| Untracked 
|  61|0x0000000083d00000, 0x0000000083da3fe8, 0x0000000083e00000| 64%| S|CS|TAMS 0x0000000083d00000, 0x0000000083d00000| Complete 
|  62|0x0000000083e00000, 0x0000000083f00000, 0x0000000083f00000|100%| S|CS|TAMS 0x0000000083e00000, 0x0000000083e00000| Complete 
|  63|0x0000000083f00000, 0x0000000083f00000, 0x0000000084000000|  0%| F|  |TAMS 0x0000000083f00000, 0x0000000083f00000| Untracked 
|  64|0x0000000084000000, 0x0000000084000000, 0x0000000084100000|  0%| F|  |TAMS 0x0000000084000000, 0x0000000084000000| Untracked 
|  65|0x0000000084100000, 0x0000000084100000, 0x0000000084200000|  0%| F|  |TAMS 0x0000000084100000, 0x0000000084100000| Untracked 
|  66|0x0000000084200000, 0x0000000084200000, 0x0000000084300000|  0%| F|  |TAMS 0x0000000084200000, 0x0000000084200000| Untracked 
|  67|0x0000000084300000, 0x0000000084300000, 0x0000000084400000|  0%| F|  |TAMS 0x0000000084300000, 0x0000000084300000| Untracked 
|  68|0x0000000084400000, 0x0000000084400000, 0x0000000084500000|  0%| F|  |TAMS 0x0000000084400000, 0x0000000084400000| Untracked 
|  69|0x0000000084500000, 0x0000000084500000, 0x0000000084600000|  0%| F|  |TAMS 0x0000000084500000, 0x0000000084500000| Untracked 
|  70|0x0000000084600000, 0x0000000084600000, 0x0000000084700000|  0%| F|  |TAMS 0x0000000084600000, 0x0000000084600000| Untracked 
|  71|0x0000000084700000, 0x0000000084700000, 0x0000000084800000|  0%| F|  |TAMS 0x0000000084700000, 0x0000000084700000| Untracked 
|  72|0x0000000084800000, 0x0000000084800000, 0x0000000084900000|  0%| F|  |TAMS 0x0000000084800000, 0x0000000084800000| Untracked 
|  73|0x0000000084900000, 0x0000000084900000, 0x0000000084a00000|  0%| F|  |TAMS 0x0000000084900000, 0x0000000084900000| Untracked 
|  74|0x0000000084a00000, 0x0000000084a00000, 0x0000000084b00000|  0%| F|  |TAMS 0x0000000084a00000, 0x0000000084a00000| Untracked 
|  75|0x0000000084b00000, 0x0000000084b00000, 0x0000000084c00000|  0%| F|  |TAMS 0x0000000084b00000, 0x0000000084b00000| Untracked 
|  76|0x0000000084c00000, 0x0000000084c00000, 0x0000000084d00000|  0%| F|  |TAMS 0x0000000084c00000, 0x0000000084c00000| Untracked 
|  77|0x0000000084d00000, 0x0000000084d00000, 0x0000000084e00000|  0%| F|  |TAMS 0x0000000084d00000, 0x0000000084d00000| Untracked 
|  78|0x0000000084e00000, 0x0000000084f00000, 0x0000000084f00000|100%| E|  |TAMS 0x0000000084e00000, 0x0000000084e00000| Complete 
|  79|0x0000000084f00000, 0x0000000085000000, 0x0000000085000000|100%| E|CS|TAMS 0x0000000084f00000, 0x0000000084f00000| Complete 
|  80|0x0000000085000000, 0x0000000085100000, 0x0000000085100000|100%| E|CS|TAMS 0x0000000085000000, 0x0000000085000000| Complete 
|  81|0x0000000085100000, 0x0000000085200000, 0x0000000085200000|100%| E|CS|TAMS 0x0000000085100000, 0x0000000085100000| Complete 
|  82|0x0000000085200000, 0x0000000085300000, 0x0000000085300000|100%| E|CS|TAMS 0x0000000085200000, 0x0000000085200000| Complete 
|  83|0x0000000085300000, 0x0000000085400000, 0x0000000085400000|100%| E|CS|TAMS 0x0000000085300000, 0x0000000085300000| Complete 
| 125|0x0000000087d00000, 0x0000000087e00000, 0x0000000087e00000|100%| E|CS|TAMS 0x0000000087d00000, 0x0000000087d00000| Complete 

Card table byte_map: [0x00000219160b0000,0x00000219164b0000] _byte_map_base: 0x0000021915cb0000

Marking Bits (Prev, Next): (CMBitMap*) 0x00000219015c8970, (CMBitMap*) 0x00000219015c8930
 Prev Bits: [0x00000219188b0000, 0x000002191a8b0000)
 Next Bits: [0x00000219168b0000, 0x00000219188b0000)

Polling page: 0x0000021901620000

Metaspace:

Usage:
  Non-class:     40.33 MB used.
      Class:      6.20 MB used.
       Both:     46.54 MB used.

Virtual space:
  Non-class space:       64.00 MB reserved,      40.56 MB ( 63%) committed,  1 nodes.
      Class space:        1.00 GB reserved,       6.38 MB ( <1%) committed,  1 nodes.
             Both:        1.06 GB reserved,      46.94 MB (  4%) committed. 

Chunk freelists:
   Non-Class:  7.30 MB
       Class:  9.56 MB
        Both:  16.86 MB

MaxMetaspaceSize: unlimited
CompressedClassSpaceSize: 1.00 GB
Initial GC threshold: 21.00 MB
Current GC threshold: 73.12 MB
CDS: off
MetaspaceReclaimPolicy: balanced
 - commit_granule_bytes: 65536.
 - commit_granule_words: 8192.
 - virtual_space_node_default_size: 8388608.
 - enlarge_chunks_in_place: 1.
 - new_chunks_are_fully_committed: 0.
 - uncommit_free_chunks: 1.
 - use_allocation_guard: 0.
 - handle_deallocations: 1.


Internal statistics:

num_allocs_failed_limit: 6.
num_arena_births: 416.
num_arena_deaths: 0.
num_vsnodes_births: 2.
num_vsnodes_deaths: 0.
num_space_committed: 752.
num_space_uncommitted: 0.
num_chunks_returned_to_freelist: 6.
num_chunks_taken_from_freelist: 1868.
num_chunk_merges: 6.
num_chunk_splits: 1228.
num_chunks_enlarged: 840.
num_inconsistent_stats: 0.

CodeHeap 'non-profiled nmethods': size=120000Kb used=2445Kb max_used=2445Kb free=117554Kb
 bounds [0x000002190dd00000, 0x000002190df70000, 0x0000021915230000]
CodeHeap 'profiled nmethods': size=120000Kb used=8414Kb max_used=8414Kb free=111585Kb
 bounds [0x0000021906230000, 0x0000021906a70000, 0x000002190d760000]
CodeHeap 'non-nmethods': size=5760Kb used=2294Kb max_used=2360Kb free=3466Kb
 bounds [0x000002190d760000, 0x000002190d9d0000, 0x000002190dd00000]
 total_blobs=4899 nmethods=4094 adapters=717
 compilation: enabled
              stopped_count=0, restarted_count=0
 full_count=0

Compilation events (20 events):
Event: 6.144 Thread 0x000002191d557ba0 4074       3       java.lang.invoke.InvokerBytecodeGenerator::isStaticallyNameable (148 bytes)
Event: 6.145 Thread 0x0000021924327900 nmethod 4070 0x000002190df5ef10 code [0x000002190df5f0a0, 0x000002190df5f738]
Event: 6.145 Thread 0x000002191d557ba0 nmethod 4074 0x0000021906a57d10 code [0x0000021906a58040, 0x0000021906a59318]
Event: 6.146 Thread 0x000002191d557ba0 4078       3       java.lang.invoke.MethodHandles$Lookup::findConstructor (61 bytes)
Event: 6.147 Thread 0x000002191d557ba0 nmethod 4078 0x0000021906a59890 code [0x0000021906a59b00, 0x0000021906a5a318]
Event: 6.147 Thread 0x000002191d557ba0 4079       3       java.lang.invoke.MethodHandles$Lookup::getDirectConstructor (10 bytes)
Event: 6.147 Thread 0x000002191d557ba0 nmethod 4079 0x0000021906a5a690 code [0x0000021906a5a820, 0x0000021906a5a968]
Event: 6.147 Thread 0x000002191d557ba0 4081       3       java.lang.invoke.DirectMethodHandle$Constructor::viewAsType (49 bytes)
Event: 6.147 Thread 0x000002191d557ba0 nmethod 4081 0x0000021906a5aa10 code [0x0000021906a5abc0, 0x0000021906a5ad88]
Event: 6.197 Thread 0x000002191d557ba0 4082       3       java.lang.invoke.LambdaFormEditor::bindArgumentType (101 bytes)
Event: 6.197 Thread 0x000002191d557ba0 nmethod 4082 0x0000021906a5ae90 code [0x0000021906a5b040, 0x0000021906a5b268]
Event: 6.197 Thread 0x000002191d557ba0 4083       3       java.lang.invoke.LambdaFormEditor::bindArgumentForm (269 bytes)
Event: 6.199 Thread 0x000002191d557ba0 nmethod 4083 0x0000021906a5b390 code [0x0000021906a5b740, 0x0000021906a5cf48]
Event: 6.228 Thread 0x0000021924327900 4085       4       java.lang.invoke.MethodType::equals (56 bytes)
Event: 6.229 Thread 0x000002191d557ba0 4086       3       java.lang.invoke.BoundMethodHandle$Species_L::make (11 bytes)
Event: 6.229 Thread 0x000002191d557ba0 nmethod 4086 0x0000021906a5d990 code [0x0000021906a5db40, 0x0000021906a5dd88]
Event: 6.233 Thread 0x0000021924327900 nmethod 4085 0x000002190df60610 code [0x000002190df607c0, 0x000002190df60bb8]
Event: 6.239 Thread 0x0000021924327900 4087   !   4       java.lang.invoke.MemberName::getMethodType (211 bytes)
Event: 6.242 Thread 0x0000021924327900 nmethod 4087 0x000002190df60f10 code [0x000002190df610e0, 0x000002190df61768]
Event: 6.249 Thread 0x0000021924327900 4088 %     4       jdk.internal.org.objectweb.asm.ClassReader::readUtf @ 18 (161 bytes)

GC Heap History (20 events):
Event: 2.938 GC heap before
{Heap before GC invocations=2 (full 0):
 garbage-first heap   total 129024K, used 57557K [0x0000000080000000, 0x0000000100000000)
  region size 1024K, 46 young (47104K), 2 survivors (2048K)
 Metaspace       used 21288K, committed 21504K, reserved 1114112K
  class space    used 2524K, committed 2624K, reserved 1048576K
}
Event: 2.944 GC heap after
{Heap after GC invocations=3 (full 0):
 garbage-first heap   total 129024K, used 19303K [0x0000000080000000, 0x0000000100000000)
  region size 1024K, 9 young (9216K), 9 survivors (9216K)
 Metaspace       used 21288K, committed 21504K, reserved 1114112K
  class space    used 2524K, committed 2624K, reserved 1048576K
}
Event: 3.674 GC heap before
{Heap before GC invocations=4 (full 0):
 garbage-first heap   total 71680K, used 52071K [0x0000000080000000, 0x0000000100000000)
  region size 1024K, 42 young (43008K), 9 survivors (9216K)
 Metaspace       used 26601K, committed 26944K, reserved 1114112K
  class space    used 3431K, committed 3584K, reserved 1048576K
}
Event: 3.681 GC heap after
{Heap after GC invocations=5 (full 0):
 garbage-first heap   total 71680K, used 21104K [0x0000000080000000, 0x0000000100000000)
  region size 1024K, 3 young (3072K), 3 survivors (3072K)
 Metaspace       used 26601K, committed 26944K, reserved 1114112K
  class space    used 3431K, committed 3584K, reserved 1048576K
}
Event: 4.122 GC heap before
{Heap before GC invocations=5 (full 0):
 garbage-first heap   total 71680K, used 49776K [0x0000000080000000, 0x0000000100000000)
  region size 1024K, 31 young (31744K), 3 survivors (3072K)
 Metaspace       used 30584K, committed 30848K, reserved 1114112K
  class space    used 4106K, committed 4224K, reserved 1048576K
}
Event: 4.125 GC heap after
{Heap after GC invocations=6 (full 0):
 garbage-first heap   total 71680K, used 22570K [0x0000000080000000, 0x0000000100000000)
  region size 1024K, 4 young (4096K), 4 survivors (4096K)
 Metaspace       used 30584K, committed 30848K, reserved 1114112K
  class space    used 4106K, committed 4224K, reserved 1048576K
}
Event: 4.669 GC heap before
{Heap before GC invocations=6 (full 0):
 garbage-first heap   total 71680K, used 59434K [0x0000000080000000, 0x0000000100000000)
  region size 1024K, 31 young (31744K), 4 survivors (4096K)
 Metaspace       used 33404K, committed 33728K, reserved 1114112K
  class space    used 4570K, committed 4736K, reserved 1048576K
}
Event: 4.673 GC heap after
{Heap after GC invocations=7 (full 0):
 garbage-first heap   total 71680K, used 38993K [0x0000000080000000, 0x0000000100000000)
  region size 1024K, 5 young (5120K), 5 survivors (5120K)
 Metaspace       used 33404K, committed 33728K, reserved 1114112K
  class space    used 4570K, committed 4736K, reserved 1048576K
}
Event: 4.917 GC heap before
{Heap before GC invocations=7 (full 0):
 garbage-first heap   total 71680K, used 56401K [0x0000000080000000, 0x0000000100000000)
  region size 1024K, 22 young (22528K), 5 survivors (5120K)
 Metaspace       used 35621K, committed 35968K, reserved 1114112K
  class space    used 4913K, committed 5056K, reserved 1048576K
}
Event: 4.920 GC heap after
{Heap after GC invocations=8 (full 0):
 garbage-first heap   total 71680K, used 39848K [0x0000000080000000, 0x0000000100000000)
  region size 1024K, 1 young (1024K), 1 survivors (1024K)
 Metaspace       used 35621K, committed 35968K, reserved 1114112K
  class space    used 4913K, committed 5056K, reserved 1048576K
}
Event: 5.322 GC heap before
{Heap before GC invocations=9 (full 0):
 garbage-first heap   total 71680K, used 57256K [0x0000000080000000, 0x0000000100000000)
  region size 1024K, 18 young (18432K), 1 survivors (1024K)
 Metaspace       used 38478K, committed 38976K, reserved 1114112K
  class space    used 5346K, committed 5568K, reserved 1048576K
}
Event: 5.325 GC heap after
{Heap after GC invocations=10 (full 0):
 garbage-first heap   total 71680K, used 40830K [0x0000000080000000, 0x0000000100000000)
  region size 1024K, 2 young (2048K), 2 survivors (2048K)
 Metaspace       used 38478K, committed 38976K, reserved 1114112K
  class space    used 5346K, committed 5568K, reserved 1048576K
}
Event: 5.613 GC heap before
{Heap before GC invocations=11 (full 0):
 garbage-first heap   total 71680K, used 56190K [0x0000000080000000, 0x0000000100000000)
  region size 1024K, 18 young (18432K), 2 survivors (2048K)
 Metaspace       used 42746K, committed 43136K, reserved 1114112K
  class space    used 5763K, committed 5952K, reserved 1048576K
}
Event: 5.615 GC heap after
{Heap after GC invocations=12 (full 0):
 garbage-first heap   total 71680K, used 42705K [0x0000000080000000, 0x0000000100000000)
  region size 1024K, 3 young (3072K), 3 survivors (3072K)
 Metaspace       used 42746K, committed 43136K, reserved 1114112K
  class space    used 5763K, committed 5952K, reserved 1048576K
}
Event: 5.744 GC heap before
{Heap before GC invocations=12 (full 0):
 garbage-first heap   total 71680K, used 57041K [0x0000000080000000, 0x0000000100000000)
  region size 1024K, 18 young (18432K), 3 survivors (3072K)
 Metaspace       used 43405K, committed 43840K, reserved 1114112K
  class space    used 5822K, committed 6016K, reserved 1048576K
}
Event: 5.746 GC heap after
{Heap after GC invocations=13 (full 0):
 garbage-first heap   total 71680K, used 45129K [0x0000000080000000, 0x0000000100000000)
  region size 1024K, 3 young (3072K), 3 survivors (3072K)
 Metaspace       used 43405K, committed 43840K, reserved 1114112K
  class space    used 5822K, committed 6016K, reserved 1048576K
}
Event: 5.841 GC heap before
{Heap before GC invocations=14 (full 0):
 garbage-first heap   total 83968K, used 55369K [0x0000000080000000, 0x0000000100000000)
  region size 1024K, 15 young (15360K), 3 survivors (3072K)
 Metaspace       used 43865K, committed 44288K, reserved 1114112K
  class space    used 5870K, committed 6080K, reserved 1048576K
}
Event: 5.843 GC heap after
{Heap after GC invocations=15 (full 0):
 garbage-first heap   total 83968K, used 45648K [0x0000000080000000, 0x0000000100000000)
  region size 1024K, 2 young (2048K), 2 survivors (2048K)
 Metaspace       used 43865K, committed 44288K, reserved 1114112K
  class space    used 5870K, committed 6080K, reserved 1048576K
}
Event: 6.200 GC heap before
{Heap before GC invocations=16 (full 0):
 garbage-first heap   total 87040K, used 71248K [0x0000000080000000, 0x0000000100000000)
  region size 1024K, 22 young (22528K), 2 survivors (2048K)
 Metaspace       used 46821K, committed 47232K, reserved 1114112K
  class space    used 6211K, committed 6400K, reserved 1048576K
}
Event: 6.202 GC heap after
{Heap after GC invocations=17 (full 0):
 garbage-first heap   total 87040K, used 46804K [0x0000000080000000, 0x0000000100000000)
  region size 1024K, 2 young (2048K), 2 survivors (2048K)
 Metaspace       used 46821K, committed 47232K, reserved 1114112K
  class space    used 6211K, committed 6400K, reserved 1048576K
}

Dll operation events (3 events):
Event: 0.023 Loaded shared library C:\Program Files\Android\Android Studio\jbr\bin\java.dll
Event: 0.125 Loaded shared library C:\Program Files\Android\Android Studio\jbr\bin\zip.dll
Event: 0.577 Loaded shared library C:\Program Files\Android\Android Studio\jbr\bin\verify.dll

Deoptimization events (20 events):
Event: 5.917 Thread 0x000002192316d960 Uncommon trap: trap_request=0xffffffbe fr.pc=0x000002190df3a3b0 relative=0x0000000000000770
Event: 5.917 Thread 0x000002192316d960 Uncommon trap: reason=profile_predicate action=maybe_recompile pc=0x000002190df3a3b0 method=java.lang.PublicMethods$MethodList.filter([Ljava/lang/reflect/Method;Ljava/lang/String;[Ljava/lang/Class;Z)Ljava/lang/PublicMethods$MethodList; @ 21 c2
Event: 5.917 Thread 0x000002192316d960 DEOPT PACKING pc=0x000002190df3a3b0 sp=0x0000003604cf8d20
Event: 5.917 Thread 0x000002192316d960 DEOPT UNPACKING pc=0x000002190d7b69a3 sp=0x0000003604cf8cd8 mode 2
Event: 5.917 Thread 0x000002192316d960 Uncommon trap: trap_request=0xffffffbe fr.pc=0x000002190df3a3b0 relative=0x0000000000000770
Event: 5.917 Thread 0x000002192316d960 Uncommon trap: reason=profile_predicate action=maybe_recompile pc=0x000002190df3a3b0 method=java.lang.PublicMethods$MethodList.filter([Ljava/lang/reflect/Method;Ljava/lang/String;[Ljava/lang/Class;Z)Ljava/lang/PublicMethods$MethodList; @ 21 c2
Event: 5.917 Thread 0x000002192316d960 DEOPT PACKING pc=0x000002190df3a3b0 sp=0x0000003604cf8ce0
Event: 5.917 Thread 0x000002192316d960 DEOPT UNPACKING pc=0x000002190d7b69a3 sp=0x0000003604cf8c98 mode 2
Event: 5.971 Thread 0x000002192316d960 Uncommon trap: trap_request=0xffffffbe fr.pc=0x000002190df3a3b0 relative=0x0000000000000770
Event: 5.971 Thread 0x000002192316d960 Uncommon trap: reason=profile_predicate action=maybe_recompile pc=0x000002190df3a3b0 method=java.lang.PublicMethods$MethodList.filter([Ljava/lang/reflect/Method;Ljava/lang/String;[Ljava/lang/Class;Z)Ljava/lang/PublicMethods$MethodList; @ 21 c2
Event: 5.971 Thread 0x000002192316d960 DEOPT PACKING pc=0x000002190df3a3b0 sp=0x0000003604cf74a0
Event: 5.971 Thread 0x000002192316d960 DEOPT UNPACKING pc=0x000002190d7b69a3 sp=0x0000003604cf7458 mode 2
Event: 5.971 Thread 0x000002192316d960 Uncommon trap: trap_request=0xffffffbe fr.pc=0x000002190df3a3b0 relative=0x0000000000000770
Event: 5.971 Thread 0x000002192316d960 Uncommon trap: reason=profile_predicate action=maybe_recompile pc=0x000002190df3a3b0 method=java.lang.PublicMethods$MethodList.filter([Ljava/lang/reflect/Method;Ljava/lang/String;[Ljava/lang/Class;Z)Ljava/lang/PublicMethods$MethodList; @ 21 c2
Event: 5.971 Thread 0x000002192316d960 DEOPT PACKING pc=0x000002190df3a3b0 sp=0x0000003604cf74a0
Event: 5.971 Thread 0x000002192316d960 DEOPT UNPACKING pc=0x000002190d7b69a3 sp=0x0000003604cf7458 mode 2
Event: 6.078 Thread 0x000002192316d960 Uncommon trap: trap_request=0xffffff45 fr.pc=0x000002190deea3ac relative=0x000000000000010c
Event: 6.078 Thread 0x000002192316d960 Uncommon trap: reason=unstable_if action=reinterpret pc=0x000002190deea3ac method=java.util.Arrays.hashCode([Ljava/lang/Object;)I @ 34 c2
Event: 6.078 Thread 0x000002192316d960 DEOPT PACKING pc=0x000002190deea3ac sp=0x0000003604cf7ad0
Event: 6.078 Thread 0x000002192316d960 DEOPT UNPACKING pc=0x000002190d7b69a3 sp=0x0000003604cf7a48 mode 2

Classes unloaded (0 events):
No events

Classes redefined (0 events):
No events

Internal exceptions (20 events):
Event: 5.906 Thread 0x000002192316d960 Exception <a 'java/lang/ClassNotFoundException'{0x00000000852202c8}: groovy/lang/ClosureBeanInfo> (0x00000000852202c8) 
thrown [s\src\hotspot\share\classfile\systemDictionary.cpp, line 256]
Event: 5.906 Thread 0x000002192316d960 Exception <a 'java/lang/ClassNotFoundException'{0x0000000085244690}: groovy/lang/ClosureCustomizer> (0x0000000085244690) 
thrown [s\src\hotspot\share\classfile\systemDictionary.cpp, line 256]
Event: 5.911 Thread 0x000002192316d960 Exception <a 'java/lang/ClassNotFoundException'{0x000000008528bf70}: groovy/lang/Closure$1Customizer> (0x000000008528bf70) 
thrown [s\src\hotspot\share\classfile\systemDictionary.cpp, line 256]
Event: 5.945 Thread 0x000002192316d960 Exception <a 'java/lang/ClassNotFoundException'{0x00000000851d72f0}: sync_studio_tooling2_bls93jjde8nr08rldfwgmna06BeanInfo> (0x00000000851d72f0) 
thrown [s\src\hotspot\share\classfile\systemDictionary.cpp, line 256]
Event: 5.945 Thread 0x000002192316d960 Exception <a 'java/lang/ClassNotFoundException'{0x00000000851ddd00}: sync_studio_tooling2_bls93jjde8nr08rldfwgmna06Customizer> (0x00000000851ddd00) 
thrown [s\src\hotspot\share\classfile\systemDictionary.cpp, line 256]
Event: 5.953 Thread 0x000002192316d960 Exception <a 'java/lang/ClassNotFoundException'{0x000000008502d8e0}: org/gradle/internal/metaobject/ConfigureDelegateBeanInfo> (0x000000008502d8e0) 
thrown [s\src\hotspot\share\classfile\systemDictionary.cpp, line 256]
Event: 5.954 Thread 0x000002192316d960 Exception <a 'java/lang/ClassNotFoundException'{0x000000008503de60}: org/gradle/internal/metaobject/ConfigureDelegateCustomizer> (0x000000008503de60) 
thrown [s\src\hotspot\share\classfile\systemDictionary.cpp, line 256]
Event: 5.973 Thread 0x000002192316d960 Exception <a 'java/lang/ClassNotFoundException'{0x0000000084f23668}: org/gradle/api/internal/initialization/DefaultScriptHandler_DecoratedBeanInfo> (0x0000000084f23668) 
thrown [s\src\hotspot\share\classfile\systemDictionary.cpp, line 256]
Event: 5.974 Thread 0x000002192316d960 Exception <a 'java/lang/ClassNotFoundException'{0x0000000084f34f80}: org/gradle/api/internal/initialization/DefaultScriptHandlerBeanInfo> (0x0000000084f34f80) 
thrown [s\src\hotspot\share\classfile\systemDictionary.cpp, line 256]
Event: 5.974 Thread 0x000002192316d960 Exception <a 'java/lang/ClassNotFoundException'{0x0000000084f46318}: org/gradle/api/internal/initialization/DefaultScriptHandlerCustomizer> (0x0000000084f46318) 
thrown [s\src\hotspot\share\classfile\systemDictionary.cpp, line 256]
Event: 5.975 Thread 0x000002192316d960 Exception <a 'java/lang/ClassNotFoundException'{0x0000000084f639c8}: org/gradle/api/internal/initialization/DefaultScriptHandler_DecoratedCustomizer> (0x0000000084f639c8) 
thrown [s\src\hotspot\share\classfile\systemDictionary.cpp, line 256]
Event: 6.078 Thread 0x000002192316d960 Implicit null exception at 0x000002190deea2ec to 0x000002190deea390
Event: 6.084 Thread 0x000002192316d960 Exception <a 'java/lang/ClassNotFoundException'{0x00000000848ca3b8}: org/gradle/api/internal/artifacts/dsl/dependencies/DefaultDependencyHandler_DecoratedBeanInfo> (0x00000000848ca3b8) 
thrown [s\src\hotspot\share\classfile\systemDictionary.cpp, line 256]
Event: 6.085 Thread 0x000002192316d960 Exception <a 'java/lang/ClassNotFoundException'{0x00000000848e1210}: org/gradle/api/internal/artifacts/dsl/dependencies/DefaultDependencyHandlerBeanInfo> (0x00000000848e1210) 
thrown [s\src\hotspot\share\classfile\systemDictionary.cpp, line 256]
Event: 6.086 Thread 0x000002192316d960 Exception <a 'java/lang/ClassNotFoundException'{0x00000000848f7830}: org/gradle/api/internal/artifacts/dsl/dependencies/DefaultDependencyHandlerCustomizer> (0x00000000848f7830) 
thrown [s\src\hotspot\share\classfile\systemDictionary.cpp, line 256]
Event: 6.088 Thread 0x000002192316d960 Exception <a 'java/lang/ClassNotFoundException'{0x00000000847376e8}: org/gradle/api/internal/artifacts/dsl/dependencies/DefaultDependencyHandler_DecoratedCustomizer> (0x00000000847376e8) 
thrown [s\src\hotspot\share\classfile\systemDictionary.cpp, line 256]
Event: 6.092 Thread 0x000002192316d960 Exception <a 'java/lang/ClassNotFoundException'{0x000000008477a470}: sync_studio_tooling2_bls93jjde8nr08rldfwgmna06$_run_closure1BeanInfo> (0x000000008477a470) 
thrown [s\src\hotspot\share\classfile\systemDictionary.cpp, line 256]
Event: 6.092 Thread 0x000002192316d960 Exception <a 'java/lang/ClassNotFoundException'{0x0000000084781458}: sync_studio_tooling2_bls93jjde8nr08rldfwgmna06$_run_closure1Customizer> (0x0000000084781458) 
thrown [s\src\hotspot\share\classfile\systemDictionary.cpp, line 256]
Event: 6.145 Thread 0x000002192316d960 Exception <a 'java/lang/NoSuchMethodError'{0x0000000084177580}: 'java.lang.Object java.lang.invoke.DirectMethodHandle$Holder.newInvokeSpecial(java.lang.Object, int, java.lang.Object)'> (0x0000000084177580) 
thrown [s\src\hotspot\share\interpreter\linkResolver.cpp, line 771]
Event: 6.206 Thread 0x000002192316d960 Exception <a 'java/lang/NoSuchMethodError'{0x0000000087d45578}: 'void java.lang.invoke.DirectMethodHandle$Holder.invokeInterface(java.lang.Object, java.lang.Object)'> (0x0000000087d45578) 
thrown [s\src\hotspot\share\interpreter\linkResolver.cpp, line 771]

VM Operations (20 events):
Event: 5.633 Executing VM operation: HandshakeAllThreads
Event: 5.633 Executing VM operation: HandshakeAllThreads done
Event: 5.684 Executing VM operation: HandshakeAllThreads
Event: 5.684 Executing VM operation: HandshakeAllThreads done
Event: 5.743 Executing VM operation: G1CollectForAllocation
Event: 5.747 Executing VM operation: G1CollectForAllocation done
Event: 5.764 Executing VM operation: G1PauseRemark
Event: 5.766 Executing VM operation: G1PauseRemark done
Event: 5.773 Executing VM operation: G1PauseCleanup
Event: 5.773 Executing VM operation: G1PauseCleanup done
Event: 5.841 Executing VM operation: G1TryInitiateConcMark
Event: 5.843 Executing VM operation: G1TryInitiateConcMark done
Event: 5.861 Executing VM operation: G1PauseRemark
Event: 5.871 Executing VM operation: G1PauseRemark done
Event: 5.880 Executing VM operation: G1PauseCleanup
Event: 5.880 Executing VM operation: G1PauseCleanup done
Event: 6.046 Executing VM operation: HandshakeAllThreads
Event: 6.046 Executing VM operation: HandshakeAllThreads done
Event: 6.200 Executing VM operation: G1CollectForAllocation
Event: 6.202 Executing VM operation: G1CollectForAllocation done

Events (20 events):
Event: 5.687 loading class jdk/internal/jimage/ImageReader$Resource
Event: 5.687 loading class jdk/internal/jimage/ImageReader$Resource done
Event: 5.761 loading class java/util/WeakHashMap$KeyIterator
Event: 5.761 loading class java/util/WeakHashMap$HashIterator
Event: 5.761 loading class java/util/WeakHashMap$HashIterator done
Event: 5.761 loading class java/util/WeakHashMap$KeyIterator done
Event: 5.839 loading class jdk/internal/reflect/UnsafeObjectFieldAccessorImpl
Event: 5.839 loading class jdk/internal/reflect/UnsafeObjectFieldAccessorImpl done
Event: 5.880 loading class sun/reflect/MagicAccessorImpl
Event: 5.880 loading class sun/reflect/MagicAccessorImpl done
Event: 5.911 loading class com/sun/beans/finder/MethodFinder
Event: 5.911 loading class com/sun/beans/finder/AbstractFinder
Event: 5.911 loading class com/sun/beans/finder/AbstractFinder done
Event: 5.911 loading class com/sun/beans/finder/MethodFinder done
Event: 5.911 loading class com/sun/beans/finder/MethodFinder$1
Event: 5.911 loading class com/sun/beans/finder/MethodFinder$1 done
Event: 5.911 loading class com/sun/beans/finder/FinderUtils
Event: 5.911 loading class com/sun/beans/finder/FinderUtils done
Event: 5.966 loading class java/util/function/IntBinaryOperator
Event: 5.966 loading class java/util/function/IntBinaryOperator done


Dynamic libraries:
0x00007ff6830b0000 - 0x00007ff6830ba000 	C:\Program Files\Android\Android Studio\jbr\bin\java.exe
0x00007ffc3adf0000 - 0x00007ffc3b006000 	C:\WINDOWS\SYSTEM32\ntdll.dll
0x00007ffc397c0000 - 0x00007ffc39884000 	C:\WINDOWS\System32\KERNEL32.DLL
0x00007ffc38110000 - 0x00007ffc384b7000 	C:\WINDOWS\System32\KERNELBASE.dll
0x00007ffc38700000 - 0x00007ffc38811000 	C:\WINDOWS\System32\ucrtbase.dll
0x00007ffc25770000 - 0x00007ffc25787000 	C:\Program Files\Android\Android Studio\jbr\bin\jli.dll
0x00007ffc1c990000 - 0x00007ffc1c9ab000 	C:\Program Files\Android\Android Studio\jbr\bin\VCRUNTIME140.dll
0x00007ffc39ea0000 - 0x00007ffc3a04e000 	C:\WINDOWS\System32\USER32.dll
0x00007ffc38630000 - 0x00007ffc38656000 	C:\WINDOWS\System32\win32u.dll
0x00007ffc245b0000 - 0x00007ffc24843000 	C:\WINDOWS\WinSxS\amd64_microsoft.windows.common-controls_6595b64144ccf1df_6.0.22621.3235_none_270f74e173860f98\COMCTL32.dll
0x00007ffc3aa60000 - 0x00007ffc3aa89000 	C:\WINDOWS\System32\GDI32.dll
0x00007ffc39de0000 - 0x00007ffc39e87000 	C:\WINDOWS\System32\msvcrt.dll
0x00007ffc38850000 - 0x00007ffc38969000 	C:\WINDOWS\System32\gdi32full.dll
0x00007ffc38660000 - 0x00007ffc386fa000 	C:\WINDOWS\System32\msvcp_win.dll
0x00007ffc3a290000 - 0x00007ffc3a2c1000 	C:\WINDOWS\System32\IMM32.DLL
0x00007ffc332d0000 - 0x00007ffc332dc000 	C:\Program Files\Android\Android Studio\jbr\bin\vcruntime140_1.dll
0x00007ffbef7d0000 - 0x00007ffbef85d000 	C:\Program Files\Android\Android Studio\jbr\bin\msvcp140.dll
0x00007ffbe1490000 - 0x00007ffbe2113000 	C:\Program Files\Android\Android Studio\jbr\bin\server\jvm.dll
0x00007ffc39620000 - 0x00007ffc396d2000 	C:\WINDOWS\System32\ADVAPI32.dll
0x00007ffc38c80000 - 0x00007ffc38d28000 	C:\WINDOWS\System32\sechost.dll
0x00007ffc38820000 - 0x00007ffc38848000 	C:\WINDOWS\System32\bcrypt.dll
0x00007ffc3a860000 - 0x00007ffc3a975000 	C:\WINDOWS\System32\RPCRT4.dll
0x00007ffc35050000 - 0x00007ffc35059000 	C:\WINDOWS\SYSTEM32\WSOCK32.dll
0x00007ffc37950000 - 0x00007ffc3799d000 	C:\WINDOWS\SYSTEM32\POWRPROF.dll
0x00007ffc301e0000 - 0x00007ffc30214000 	C:\WINDOWS\SYSTEM32\WINMM.dll
0x00007ffc30000000 - 0x00007ffc3000a000 	C:\WINDOWS\SYSTEM32\VERSION.dll
0x00007ffc3a980000 - 0x00007ffc3a9f1000 	C:\WINDOWS\System32\WS2_32.dll
0x00007ffc37930000 - 0x00007ffc37943000 	C:\WINDOWS\SYSTEM32\UMPDC.dll
0x00007ffc37110000 - 0x00007ffc37128000 	C:\WINDOWS\SYSTEM32\kernel.appcore.dll
0x00007ffc33210000 - 0x00007ffc3321a000 	C:\Program Files\Android\Android Studio\jbr\bin\jimage.dll
0x00007ffc352d0000 - 0x00007ffc35503000 	C:\WINDOWS\SYSTEM32\DBGHELP.DLL
0x00007ffc39890000 - 0x00007ffc39c18000 	C:\WINDOWS\System32\combase.dll
0x00007ffc396e0000 - 0x00007ffc397b7000 	C:\WINDOWS\System32\OLEAUT32.dll
0x00007ffc1f870000 - 0x00007ffc1f8a2000 	C:\WINDOWS\SYSTEM32\dbgcore.DLL
0x00007ffc38970000 - 0x00007ffc389e9000 	C:\WINDOWS\System32\bcryptPrimitives.dll
0x00007ffc301c0000 - 0x00007ffc301ce000 	C:\Program Files\Android\Android Studio\jbr\bin\instrument.dll
0x00007ffc2a840000 - 0x00007ffc2a865000 	C:\Program Files\Android\Android Studio\jbr\bin\java.dll
0x00007ffc26960000 - 0x00007ffc26978000 	C:\Program Files\Android\Android Studio\jbr\bin\zip.dll
0x00007ffc38d30000 - 0x00007ffc3958c000 	C:\WINDOWS\System32\SHELL32.dll
0x00007ffc36020000 - 0x00007ffc36919000 	C:\WINDOWS\SYSTEM32\windows.storage.dll
0x00007ffc35ee0000 - 0x00007ffc3601e000 	C:\WINDOWS\SYSTEM32\wintypes.dll
0x00007ffc3a2d0000 - 0x00007ffc3a3c3000 	C:\WINDOWS\System32\SHCORE.dll
0x00007ffc3aa00000 - 0x00007ffc3aa5e000 	C:\WINDOWS\System32\shlwapi.dll
0x00007ffc38040000 - 0x00007ffc38061000 	C:\WINDOWS\SYSTEM32\profapi.dll
0x00007ffc25910000 - 0x00007ffc25929000 	C:\Program Files\Android\Android Studio\jbr\bin\net.dll
0x00007ffc31f00000 - 0x00007ffc32036000 	C:\WINDOWS\SYSTEM32\WINHTTP.dll
0x00007ffc37580000 - 0x00007ffc375e9000 	C:\WINDOWS\system32\mswsock.dll
0x00007ffc258f0000 - 0x00007ffc25906000 	C:\Program Files\Android\Android Studio\jbr\bin\nio.dll
0x00007ffc30300000 - 0x00007ffc30310000 	C:\Program Files\Android\Android Studio\jbr\bin\verify.dll
0x00007ffbf66e0000 - 0x00007ffbf6707000 	C:\Users\avril\.gradle\native\c067742578af261105cb4f569cf0c3c89f3d7b1fecec35dd04571415982c5e48\windows-amd64\native-platform.dll
0x00007ffbed540000 - 0x00007ffbed684000 	C:\Users\avril\.gradle\native\38dada09dfb8b06ba9b0570ebf7e218e3eb74d4ef43ca46872605cf95ebc2f47\windows-amd64\native-platform-file-events.dll
0x00007ffc31cb0000 - 0x00007ffc31cb9000 	C:\Program Files\Android\Android Studio\jbr\bin\management.dll
0x00007ffc316c0000 - 0x00007ffc316cb000 	C:\Program Files\Android\Android Studio\jbr\bin\management_ext.dll
0x00007ffc3a3d0000 - 0x00007ffc3a3d8000 	C:\WINDOWS\System32\PSAPI.DLL
0x00007ffc37810000 - 0x00007ffc3782b000 	C:\WINDOWS\SYSTEM32\CRYPTSP.dll
0x00007ffc37070000 - 0x00007ffc370a5000 	C:\WINDOWS\system32\rsaenh.dll
0x00007ffc376b0000 - 0x00007ffc376d8000 	C:\WINDOWS\SYSTEM32\USERENV.dll
0x00007ffc37830000 - 0x00007ffc3783c000 	C:\WINDOWS\SYSTEM32\CRYPTBASE.dll
0x00007ffc36b80000 - 0x00007ffc36bad000 	C:\WINDOWS\SYSTEM32\IPHLPAPI.DLL
0x00007ffc3a050000 - 0x00007ffc3a059000 	C:\WINDOWS\System32\NSI.dll
0x00007ffc31aa0000 - 0x00007ffc31ab9000 	C:\WINDOWS\SYSTEM32\dhcpcsvc6.DLL
0x00007ffc31970000 - 0x00007ffc3198f000 	C:\WINDOWS\SYSTEM32\dhcpcsvc.DLL
0x00007ffc36bf0000 - 0x00007ffc36ce9000 	C:\WINDOWS\SYSTEM32\DNSAPI.dll
0x00007ffc330a0000 - 0x00007ffc330a8000 	C:\WINDOWS\system32\wshunix.dll

dbghelp: loaded successfully - version: 4.0.5 - missing functions: none
symbol engine: initialized successfully - sym options: 0x614 - pdb path: .;C:\Program Files\Android\Android Studio\jbr\bin;C:\WINDOWS\SYSTEM32;C:\WINDOWS\WinSxS\amd64_microsoft.windows.common-controls_6595b64144ccf1df_6.0.22621.3235_none_270f74e173860f98;C:\Program Files\Android\Android Studio\jbr\bin\server;C:\Users\avril\.gradle\native\c067742578af261105cb4f569cf0c3c89f3d7b1fecec35dd04571415982c5e48\windows-amd64;C:\Users\avril\.gradle\native\38dada09dfb8b06ba9b0570ebf7e218e3eb74d4ef43ca46872605cf95ebc2f47\windows-amd64

VM Arguments:
jvm_args: --add-opens=java.base/java.util=ALL-UNNAMED --add-opens=java.base/java.lang=ALL-UNNAMED --add-opens=java.base/java.lang.invoke=ALL-UNNAMED --add-opens=java.prefs/java.util.prefs=ALL-UNNAMED --add-opens=java.base/java.nio.charset=ALL-UNNAMED --add-opens=java.base/java.net=ALL-UNNAMED --add-opens=java.base/java.util.concurrent.atomic=ALL-UNNAMED -Xmx2048m -Dfile.encoding=UTF-8 -Duser.country=AE -Duser.language=en -Duser.variant -javaagent:C:\Users\avril\.gradle\wrapper\dists\gradle-8.4-bin\1w5dpkrfk8irigvoxmyhowfim\gradle-8.4\lib\agents\gradle-instrumentation-agent-8.4.jar 
java_command: org.gradle.launcher.daemon.bootstrap.GradleDaemon 8.4
java_class_path (initial): C:\Users\avril\.gradle\wrapper\dists\gradle-8.4-bin\1w5dpkrfk8irigvoxmyhowfim\gradle-8.4\lib\gradle-launcher-8.4.jar
Launcher Type: SUN_STANDARD

[Global flags]
     intx CICompilerCount                          = 4                                         {product} {ergonomic}
     uint ConcGCThreads                            = 2                                         {product} {ergonomic}
     uint G1ConcRefinementThreads                  = 8                                         {product} {ergonomic}
   size_t G1HeapRegionSize                         = 1048576                                   {product} {ergonomic}
    uintx GCDrainStackTargetSize                   = 64                                        {product} {ergonomic}
   size_t InitialHeapSize                          = 132120576                                 {product} {ergonomic}
   size_t MarkStackSize                            = 4194304                                   {product} {ergonomic}
   size_t MaxHeapSize                              = 2147483648                                {product} {command line}
   size_t MaxNewSize                               = 1287651328                                {product} {ergonomic}
   size_t MinHeapDeltaBytes                        = 1048576                                   {product} {ergonomic}
   size_t MinHeapSize                              = 8388608                                   {product} {ergonomic}
    uintx NonNMethodCodeHeapSize                   = 5839372                                {pd product} {ergonomic}
    uintx NonProfiledCodeHeapSize                  = 122909434                              {pd product} {ergonomic}
    uintx ProfiledCodeHeapSize                     = 122909434                              {pd product} {ergonomic}
    uintx ReservedCodeCacheSize                    = 251658240                              {pd product} {ergonomic}
     bool SegmentedCodeCache                       = true                                      {product} {ergonomic}
   size_t SoftMaxHeapSize                          = 2147483648                             {manageable} {ergonomic}
     bool UseCompressedClassPointers               = true                           {product lp64_product} {ergonomic}
     bool UseCompressedOops                        = true                           {product lp64_product} {ergonomic}
     bool UseG1GC                                  = true                                      {product} {ergonomic}
     bool UseLargePagesIndividualAllocation        = false                                  {pd product} {ergonomic}

Logging:
Log output configuration:
 #0: stdout all=warning uptime,level,tags
 #1: stderr all=off uptime,level,tags

Environment Variables:
PATH=C:\Program Files (x86)\Common Files\Oracle\Java\javapath;C:\Windows\system32;C:\Windows;C:\Windows\System32\Wbem;C:\Windows\System32\WindowsPowerShell\v1.0\;C:\Windows\System32\OpenSSH\;C:\Program Files (x86)\NVIDIA Corporation\PhysX\Common;C:\Program Files\NVIDIA Corporation\NVIDIA NvDLISR;C:\WINDOWS\system32;C:\WINDOWS;C:\WINDOWS\System32\Wbem;C:\WINDOWS\System32\WindowsPowerShell\v1.0\;C:\WINDOWS\System32\OpenSSH\;C:\Program Files\dotnet\;C:\Program Files\MySQL\MySQL Shell 8.0\bin\;C:\Users\avril\AppData\Local\Microsoft\WindowsApps;C:\Users\avril\AppData\Local\Programs\Microsoft VS Code\bin;C:\Users\avril\AppData\Local\GitHubDesktop\bin;C:\Users\avril\.dotnet\tools
USERNAME=avril
OS=Windows_NT
PROCESSOR_IDENTIFIER=Intel64 Family 6 Model 165 Stepping 2, GenuineIntel
TMP=C:\Users\avril\AppData\Local\Temp
TEMP=C:\Users\avril\AppData\Local\Temp



Periodic native trim disabled

JNI global refs:
JNI global refs: 26, weak refs: 0

JNI global refs memory usage: 843, weak refs: 841

OOME stack traces (most recent first):
Classloader memory used:
Loader org.gradle.internal.classloader.VisitableURLClassLoader                         : 2787K
Loader bootstrap                                                                       : 2336K
Loader org.gradle.initialization.MixInLegacyTypesClassLoader                           : 671K
Loader jdk.internal.loader.ClassLoaders$PlatformClassLoader                            : 66573B
Loader org.gradle.internal.classloader.VisitableURLClassLoader                         : 54492B
Loader jdk.internal.loader.ClassLoaders$AppClassLoader                                 : 28453B
Loader jdk.internal.reflect.DelegatingClassLoader                                      : 21990B
Loader org.gradle.groovy.scripts.internal.DefaultScriptCompilationHandler$ScriptClassLoader: 4469B
Loader org.codehaus.groovy.runtime.callsite.CallSiteClassLoader                        : 876B

Classes loaded by more than one classloader:
Class org.gradle.api.GradleException                                                  : loaded 3 times (x 80B)
Class org.gradle.util.GradleVersion                                                   : loaded 2 times (x 81B)
Class org.gradle.internal.classpath.ClassPath                                         : loaded 2 times (x 68B)
Class org.gradle.api.internal.classpath.DefaultModuleRegistry                         : loaded 2 times (x 84B)
Class org.gradle.internal.exceptions.NonGradleCauseExceptionsHolder                   : loaded 2 times (x 68B)
Class org.gradle.api.Action                                                           : loaded 2 times (x 68B)
Class org.gradle.api.internal.DefaultClassPathProvider                                : loaded 2 times (x 74B)
Class org.gradle.internal.installation.GradleInstallation$1                           : loaded 2 times (x 73B)
Class org.gradle.internal.exceptions.DefaultMultiCauseException                       : loaded 2 times (x 89B)
Class org.gradle.internal.time.MonotonicClock                                         : loaded 2 times (x 75B)
Class org.gradle.internal.classloader.FilteringClassLoader                            : loaded 2 times (x 103B)
Class org.gradle.internal.classpath.DefaultClassPath$ImmutableUniqueList$Builder      : loaded 2 times (x 73B)
Class org.gradle.internal.classloader.ClassLoaderVisitor                              : loaded 2 times (x 74B)
Class org.gradle.internal.time.DefaultCountdownTimer                                  : loaded 2 times (x 86B)
Class org.gradle.internal.service.DefaultServiceLocator                               : loaded 2 times (x 81B)
Class org.gradle.internal.service.UnknownServiceException                             : loaded 2 times (x 81B)
Class org.gradle.internal.classloader.DefaultClassLoaderFactory                       : loaded 2 times (x 80B)
Class org.gradle.internal.classloader.VisitableURLClassLoader$Spec                    : loaded 2 times (x 72B)
Class org.gradle.tooling.model.ProjectModel                                           : loaded 2 times (x 68B)
Class org.gradle.internal.installation.GradleInstallation                             : loaded 2 times (x 73B)
Class org.gradle.api.internal.classpath.ModuleRegistry                                : loaded 2 times (x 68B)
Class org.gradle.api.internal.ClassPathProvider                                       : loaded 2 times (x 68B)
Class org.gradle.internal.classloader.ClasspathUtil$1                                 : loaded 2 times (x 74B)
Class org.gradle.internal.classloader.ClassLoaderFactory                              : loaded 2 times (x 68B)
Class org.gradle.api.internal.classpath.ManifestUtil                                  : loaded 2 times (x 69B)
Class org.gradle.api.specs.Spec                                                       : loaded 2 times (x 68B)
Class org.gradle.internal.IoActions                                                   : loaded 2 times (x 69B)
Class org.gradle.api.internal.classpath.EffectiveClassPath                            : loaded 2 times (x 88B)
Class org.gradle.internal.installation.CurrentGradleInstallation                      : loaded 2 times (x 71B)
Class org.gradle.internal.agents.InstrumentingClassLoader                             : loaded 2 times (x 68B)
Class org.gradle.internal.installation.CurrentGradleInstallationLocator               : loaded 2 times (x 69B)
Class org.gradle.api.internal.classpath.Module                                        : loaded 2 times (x 68B)
Class org.gradle.internal.service.CachingServiceLocator                               : loaded 2 times (x 80B)
Class org.gradle.internal.time.Timer                                                  : loaded 2 times (x 68B)
Class org.gradle.internal.classpath.DefaultClassPath                                  : loaded 2 times (x 88B)
Class org.gradle.internal.time.Time                                                   : loaded 2 times (x 69B)
Class org.gradle.internal.time.TimeSource$1                                           : loaded 2 times (x 75B)
Class org.gradle.internal.classloader.SystemClassLoaderSpec                           : loaded 2 times (x 69B)
Class kotlin.Function                                                                 : loaded 2 times (x 68B)
Class org.gradle.api.UncheckedIOException                                             : loaded 2 times (x 80B)
Class org.gradle.internal.time.CountdownTimer                                         : loaded 2 times (x 68B)
Class org.gradle.internal.time.Clock                                                  : loaded 2 times (x 68B)
Class org.gradle.internal.classloader.ClasspathUtil                                   : loaded 2 times (x 69B)
Class org.gradle.api.internal.DefaultClassPathRegistry                                : loaded 2 times (x 74B)
Class org.gradle.api.internal.classpath.DefaultModuleRegistry$DefaultModule           : loaded 2 times (x 84B)
Class org.gradle.internal.time.TimeSource                                             : loaded 2 times (x 68B)
Class org.gradle.api.internal.classpath.UnknownModuleException                        : loaded 2 times (x 80B)
Class org.gradle.internal.service.ServiceLookupException                              : loaded 2 times (x 80B)
Class org.gradle.cache.GlobalCache                                                    : loaded 2 times (x 68B)
Class [Lorg.gradle.api.internal.ClassPathProvider;                                    : loaded 2 times (x 67B)
Class org.gradle.internal.operations.MultipleBuildOperationFailures                   : loaded 2 times (x 89B)
Class org.gradle.util.internal.GUtil                                                  : loaded 2 times (x 69B)
Class org.gradle.internal.classloader.ClassLoaderSpec                                 : loaded 2 times (x 69B)
Class org.gradle.internal.classloader.VisitableURLClassLoader                         : loaded 2 times (x 115B)
Class org.gradle.internal.Cast                                                        : loaded 2 times (x 69B)
Class org.gradle.api.internal.ClassPathRegistry                                       : loaded 2 times (x 68B)
Class org.gradle.internal.classloader.VisitableURLClassLoader$InstrumentingVisitableURLClassLoader: loaded 2 times (x 121B)
Class org.gradle.internal.classloader.ClassLoaderHierarchy                            : loaded 2 times (x 68B)
Class org.gradle.internal.exceptions.MultiCauseException                              : loaded 2 times (x 68B)
Class org.gradle.internal.InternalTransformer                                         : loaded 2 times (x 68B)
Class org.gradle.internal.service.ServiceLocator                                      : loaded 2 times (x 68B)
Class org.gradle.internal.classpath.DefaultClassPath$ImmutableUniqueList              : loaded 2 times (x 159B)
Class org.gradle.internal.time.DefaultTimer                                           : loaded 2 times (x 78B)
Class org.gradle.internal.classpath.TransformedClassPath                              : loaded 2 times (x 94B)


---------------  S Y S T E M  ---------------

OS:
 Windows 11 , 64 bit Build 22621 (10.0.22621.3374)
OS uptime: 0 days 17:01 hours
Hyper-V role detected

CPU: total 8 (initial active 8) (4 cores per cpu, 2 threads per core) family 6 model 165 stepping 2 microcode 0xe0, cx8, cmov, fxsr, ht, mmx, 3dnowpref, sse, sse2, sse3, ssse3, sse4.1, sse4.2, popcnt, lzcnt, tsc, tscinvbit, avx, avx2, aes, erms, clmul, bmi1, bmi2, adx, fma, vzeroupper, clflush, clflushopt, hv
Processor Information for all 8 processors :
  Max Mhz: 2496, Current Mhz: 2496, Mhz Limit: 2496

Memory: 4k page, system-wide physical 8029M (505M free)
TotalPageFile size 32605M (AvailPageFile size 9M)
current process WorkingSet (physical memory assigned to process): 232M, peak: 232M
current process commit charge ("private bytes"): 270M, peak: 272M

vm_info: OpenJDK 64-Bit Server VM (17.0.9+0--11185874) for windows-amd64 JRE (17.0.9+0--11185874), built on Dec  6 2023 18:57:44 by "androidbuild" with MS VC++ 16.10 / 16.11 (VS2019)

END.
